{"/Users/faithng/healthninjanew/HealthNinja-frontend/App.tsx": {"path":"/Users/faithng/healthninjanew/HealthNinja-frontend/App.tsx","statementMap":{"0":{"start":{"line":7,"column":2},"end":{"line":7,"column":24}}},"fnMap":{"0":{"name":"App","decl":{"start":{"line":6,"column":24},"end":{"line":6,"column":27}},"loc":{"start":{"line":6,"column":30},"end":{"line":8,"column":1}},"line":6}},"branchMap":{},"s":{"0":0},"f":{"0":0},"b":{}}
,"/Users/faithng/healthninjanew/HealthNinja-frontend/app.config.js": {"path":"/Users/faithng/healthninjanew/HealthNinja-frontend/app.config.js","statementMap":{},"fnMap":{},"branchMap":{},"s":{},"f":{},"b":{}}
,"/Users/faithng/healthninjanew/HealthNinja-frontend/babel.config.js": {"path":"/Users/faithng/healthninjanew/HealthNinja-frontend/babel.config.js","statementMap":{"0":{"start":{"line":1,"column":0},"end":{"line":3,"column":2}}},"fnMap":{},"branchMap":{},"s":{"0":0},"f":{},"b":{}}
,"/Users/faithng/healthninjanew/HealthNinja-frontend/eslint.config.js": {"path":"/Users/faithng/healthninjanew/HealthNinja-frontend/eslint.config.js","statementMap":{"0":{"start":{"line":2,"column":25},"end":{"line":2,"column":49}},"1":{"start":{"line":3,"column":19},"end":{"line":3,"column":53}},"2":{"start":{"line":5,"column":0},"end":{"line":10,"column":3}}},"fnMap":{},"branchMap":{},"s":{"0":0,"1":0,"2":0},"f":{},"b":{}}
,"/Users/faithng/healthninjanew/HealthNinja-frontend/expo-env.d.ts": {"path":"/Users/faithng/healthninjanew/HealthNinja-frontend/expo-env.d.ts","statementMap":{},"fnMap":{},"branchMap":{},"s":{},"f":{},"b":{}}
,"/Users/faithng/healthninjanew/HealthNinja-frontend/jest.config.js": {"path":"/Users/faithng/healthninjanew/HealthNinja-frontend/jest.config.js","statementMap":{"0":{"start":{"line":1,"column":0},"end":{"line":41,"column":2}}},"fnMap":{},"branchMap":{},"s":{"0":0},"f":{},"b":{}}
,"/Users/faithng/healthninjanew/HealthNinja-frontend/test-expo.js": {"path":"/Users/faithng/healthninjanew/HealthNinja-frontend/test-expo.js","statementMap":{"0":{"start":{"line":3,"column":13},"end":{"line":3,"column":23}},"1":{"start":{"line":5,"column":0},"end":{"line":5,"column":53}}},"fnMap":{},"branchMap":{},"s":{"0":0,"1":0},"f":{},"b":{}}
,"/Users/faithng/healthninjanew/HealthNinja-frontend/.expo/types/router.d.ts": {"path":"/Users/faithng/healthninjanew/HealthNinja-frontend/.expo/types/router.d.ts","statementMap":{},"fnMap":{},"branchMap":{},"s":{},"f":{},"b":{}}
,"/Users/faithng/healthninjanew/HealthNinja-frontend/api/authService.js": {"path":"/Users/faithng/healthninjanew/HealthNinja-frontend/api/authService.js","statementMap":{"0":{"start":{"line":5,"column":17},"end":{"line":5,"column":54}},"1":{"start":{"line":7,"column":24},"end":{"line":17,"column":1}},"2":{"start":{"line":8,"column":2},"end":{"line":16,"column":3}},"3":{"start":{"line":9,"column":16},"end":{"line":9,"column":84}},"4":{"start":{"line":10,"column":4},"end":{"line":10,"column":20}},"5":{"start":{"line":12,"column":4},"end":{"line":14,"column":5}},"6":{"start":{"line":13,"column":6},"end":{"line":13,"column":70}},"7":{"start":{"line":15,"column":4},"end":{"line":15,"column":54}},"8":{"start":{"line":19,"column":21},"end":{"line":38,"column":1}},"9":{"start":{"line":20,"column":2},"end":{"line":37,"column":3}},"10":{"start":{"line":23,"column":16},"end":{"line":26,"column":6}},"11":{"start":{"line":28,"column":4},"end":{"line":34,"column":5}},"12":{"start":{"line":29,"column":6},"end":{"line":29,"column":58}},"13":{"start":{"line":30,"column":6},"end":{"line":30,"column":53}},"14":{"start":{"line":31,"column":6},"end":{"line":31,"column":22}},"15":{"start":{"line":33,"column":6},"end":{"line":33,"column":54}},"16":{"start":{"line":36,"column":4},"end":{"line":36,"column":67}},"17":{"start":{"line":40,"column":26},"end":{"line":46,"column":1}},"18":{"start":{"line":41,"column":16},"end":{"line":41,"column":51}},"19":{"start":{"line":42,"column":16},"end":{"line":42,"column":55}},"20":{"start":{"line":44,"column":2},"end":{"line":44,"column":57}},"21":{"start":{"line":44,"column":24},"end":{"line":44,"column":57}},"22":{"start":{"line":45,"column":2},"end":{"line":45,"column":26}},"23":{"start":{"line":48,"column":22},"end":{"line":51,"column":1}},"24":{"start":{"line":49,"column":2},"end":{"line":49,"column":41}},"25":{"start":{"line":50,"column":2},"end":{"line":50,"column":45}}},"fnMap":{"0":{"name":"(anonymous_0)","decl":{"start":{"line":7,"column":24},"end":{"line":7,"column":25}},"loc":{"start":{"line":7,"column":51},"end":{"line":17,"column":1}},"line":7},"1":{"name":"(anonymous_1)","decl":{"start":{"line":19,"column":21},"end":{"line":19,"column":22}},"loc":{"start":{"line":19,"column":48},"end":{"line":38,"column":1}},"line":19},"2":{"name":"(anonymous_2)","decl":{"start":{"line":40,"column":26},"end":{"line":40,"column":27}},"loc":{"start":{"line":40,"column":38},"end":{"line":46,"column":1}},"line":40},"3":{"name":"(anonymous_3)","decl":{"start":{"line":48,"column":22},"end":{"line":48,"column":23}},"loc":{"start":{"line":48,"column":34},"end":{"line":51,"column":1}},"line":48}},"branchMap":{"0":{"loc":{"start":{"line":12,"column":4},"end":{"line":14,"column":5}},"type":"if","locations":[{"start":{"line":12,"column":4},"end":{"line":14,"column":5}},{"start":{},"end":{}}],"line":12},"1":{"loc":{"start":{"line":12,"column":8},"end":{"line":12,"column":45}},"type":"binary-expr","locations":[{"start":{"line":12,"column":8},"end":{"line":12,"column":22}},{"start":{"line":12,"column":26},"end":{"line":12,"column":45}}],"line":12},"2":{"loc":{"start":{"line":13,"column":22},"end":{"line":13,"column":68}},"type":"binary-expr","locations":[{"start":{"line":13,"column":22},"end":{"line":13,"column":49}},{"start":{"line":13,"column":53},"end":{"line":13,"column":68}}],"line":13},"3":{"loc":{"start":{"line":15,"column":20},"end":{"line":15,"column":52}},"type":"binary-expr","locations":[{"start":{"line":15,"column":20},"end":{"line":15,"column":33}},{"start":{"line":15,"column":37},"end":{"line":15,"column":52}}],"line":15},"4":{"loc":{"start":{"line":28,"column":4},"end":{"line":34,"column":5}},"type":"if","locations":[{"start":{"line":28,"column":4},"end":{"line":34,"column":5}},{"start":{"line":32,"column":11},"end":{"line":34,"column":5}}],"line":28},"5":{"loc":{"start":{"line":36,"column":20},"end":{"line":36,"column":65}},"type":"binary-expr","locations":[{"start":{"line":36,"column":20},"end":{"line":36,"column":47}},{"start":{"line":36,"column":51},"end":{"line":36,"column":65}}],"line":36},"6":{"loc":{"start":{"line":44,"column":2},"end":{"line":44,"column":57}},"type":"if","locations":[{"start":{"line":44,"column":2},"end":{"line":44,"column":57}},{"start":{},"end":{}}],"line":44},"7":{"loc":{"start":{"line":44,"column":6},"end":{"line":44,"column":22}},"type":"binary-expr","locations":[{"start":{"line":44,"column":6},"end":{"line":44,"column":12}},{"start":{"line":44,"column":16},"end":{"line":44,"column":22}}],"line":44}},"s":{"0":0,"1":0,"2":0,"3":0,"4":0,"5":0,"6":0,"7":0,"8":0,"9":0,"10":0,"11":0,"12":0,"13":0,"14":0,"15":0,"16":0,"17":0,"18":0,"19":0,"20":0,"21":0,"22":0,"23":0,"24":0,"25":0},"f":{"0":0,"1":0,"2":0,"3":0},"b":{"0":[0,0],"1":[0,0],"2":[0,0],"3":[0,0],"4":[0,0],"5":[0,0],"6":[0,0],"7":[0,0]}}
,"/Users/faithng/healthninjanew/HealthNinja-frontend/api/commentService.js": {"path":"/Users/faithng/healthninjanew/HealthNinja-frontend/api/commentService.js","statementMap":{"0":{"start":{"line":2,"column":17},"end":{"line":2,"column":54}},"1":{"start":{"line":4,"column":26},"end":{"line":20,"column":1}},"2":{"start":{"line":5,"column":19},"end":{"line":12,"column":4}},"3":{"start":{"line":14,"column":2},"end":{"line":17,"column":3}},"4":{"start":{"line":15,"column":18},"end":{"line":15,"column":39}},"5":{"start":{"line":16,"column":4},"end":{"line":16,"column":54}},"6":{"start":{"line":19,"column":2},"end":{"line":19,"column":31}},"7":{"start":{"line":22,"column":29},"end":{"line":36,"column":1}},"8":{"start":{"line":23,"column":19},"end":{"line":28,"column":4}},"9":{"start":{"line":30,"column":2},"end":{"line":33,"column":3}},"10":{"start":{"line":31,"column":22},"end":{"line":31,"column":43}},"11":{"start":{"line":32,"column":4},"end":{"line":32,"column":59}},"12":{"start":{"line":35,"column":2},"end":{"line":35,"column":31}}},"fnMap":{"0":{"name":"(anonymous_0)","decl":{"start":{"line":4,"column":26},"end":{"line":4,"column":27}},"loc":{"start":{"line":4,"column":60},"end":{"line":20,"column":1}},"line":4},"1":{"name":"(anonymous_1)","decl":{"start":{"line":22,"column":29},"end":{"line":22,"column":30}},"loc":{"start":{"line":22,"column":65},"end":{"line":36,"column":1}},"line":22}},"branchMap":{"0":{"loc":{"start":{"line":14,"column":2},"end":{"line":17,"column":3}},"type":"if","locations":[{"start":{"line":14,"column":2},"end":{"line":17,"column":3}},{"start":{},"end":{}}],"line":14},"1":{"loc":{"start":{"line":16,"column":20},"end":{"line":16,"column":52}},"type":"binary-expr","locations":[{"start":{"line":16,"column":20},"end":{"line":16,"column":25}},{"start":{"line":16,"column":29},"end":{"line":16,"column":52}}],"line":16},"2":{"loc":{"start":{"line":30,"column":2},"end":{"line":33,"column":3}},"type":"if","locations":[{"start":{"line":30,"column":2},"end":{"line":33,"column":3}},{"start":{},"end":{}}],"line":30}},"s":{"0":0,"1":0,"2":0,"3":0,"4":0,"5":0,"6":0,"7":0,"8":0,"9":0,"10":0,"11":0,"12":0},"f":{"0":0,"1":0},"b":{"0":[0,0],"1":[0,0],"2":[0,0]}}
,"/Users/faithng/healthninjanew/HealthNinja-frontend/api/logMealService.js": {"path":"/Users/faithng/healthninjanew/HealthNinja-frontend/api/logMealService.js","statementMap":{"0":{"start":{"line":3,"column":17},"end":{"line":3,"column":54}},"1":{"start":{"line":5,"column":23},"end":{"line":23,"column":1}},"2":{"start":{"line":6,"column":16},"end":{"line":6,"column":51}},"3":{"start":{"line":8,"column":19},"end":{"line":15,"column":4}},"4":{"start":{"line":17,"column":2},"end":{"line":20,"column":3}},"5":{"start":{"line":18,"column":18},"end":{"line":18,"column":39}},"6":{"start":{"line":19,"column":4},"end":{"line":19,"column":52}},"7":{"start":{"line":22,"column":2},"end":{"line":22,"column":31}},"8":{"start":{"line":25,"column":24},"end":{"line":42,"column":1}},"9":{"start":{"line":26,"column":16},"end":{"line":26,"column":51}},"10":{"start":{"line":28,"column":19},"end":{"line":34,"column":4}},"11":{"start":{"line":36,"column":2},"end":{"line":39,"column":3}},"12":{"start":{"line":37,"column":18},"end":{"line":37,"column":39}},"13":{"start":{"line":38,"column":4},"end":{"line":38,"column":55}},"14":{"start":{"line":41,"column":2},"end":{"line":41,"column":31}},"15":{"start":{"line":44,"column":26},"end":{"line":83,"column":1}},"16":{"start":{"line":45,"column":2},"end":{"line":82,"column":3}},"17":{"start":{"line":46,"column":4},"end":{"line":46,"column":42}},"18":{"start":{"line":48,"column":18},"end":{"line":48,"column":53}},"19":{"start":{"line":49,"column":4},"end":{"line":49,"column":62}},"20":{"start":{"line":51,"column":21},"end":{"line":57,"column":6}},"21":{"start":{"line":59,"column":4},"end":{"line":59,"column":60}},"22":{"start":{"line":61,"column":4},"end":{"line":74,"column":5}},"23":{"start":{"line":62,"column":24},"end":{"line":62,"column":45}},"24":{"start":{"line":63,"column":6},"end":{"line":63,"column":57}},"25":{"start":{"line":65,"column":25},"end":{"line":65,"column":74}},"26":{"start":{"line":66,"column":6},"end":{"line":71,"column":7}},"27":{"start":{"line":67,"column":26},"end":{"line":67,"column":47}},"28":{"start":{"line":68,"column":8},"end":{"line":68,"column":76}},"29":{"start":{"line":70,"column":8},"end":{"line":70,"column":49}},"30":{"start":{"line":73,"column":6},"end":{"line":73,"column":64}},"31":{"start":{"line":76,"column":17},"end":{"line":76,"column":38}},"32":{"start":{"line":77,"column":4},"end":{"line":77,"column":50}},"33":{"start":{"line":78,"column":4},"end":{"line":78,"column":16}},"34":{"start":{"line":80,"column":4},"end":{"line":80,"column":49}},"35":{"start":{"line":81,"column":4},"end":{"line":81,"column":16}}},"fnMap":{"0":{"name":"(anonymous_0)","decl":{"start":{"line":5,"column":23},"end":{"line":5,"column":24}},"loc":{"start":{"line":5,"column":43},"end":{"line":23,"column":1}},"line":5},"1":{"name":"(anonymous_1)","decl":{"start":{"line":25,"column":24},"end":{"line":25,"column":25}},"loc":{"start":{"line":25,"column":36},"end":{"line":42,"column":1}},"line":25},"2":{"name":"(anonymous_2)","decl":{"start":{"line":44,"column":26},"end":{"line":44,"column":27}},"loc":{"start":{"line":44,"column":44},"end":{"line":83,"column":1}},"line":44}},"branchMap":{"0":{"loc":{"start":{"line":17,"column":2},"end":{"line":20,"column":3}},"type":"if","locations":[{"start":{"line":17,"column":2},"end":{"line":20,"column":3}},{"start":{},"end":{}}],"line":17},"1":{"loc":{"start":{"line":36,"column":2},"end":{"line":39,"column":3}},"type":"if","locations":[{"start":{"line":36,"column":2},"end":{"line":39,"column":3}},{"start":{},"end":{}}],"line":36},"2":{"loc":{"start":{"line":49,"column":40},"end":{"line":49,"column":60}},"type":"cond-expr","locations":[{"start":{"line":49,"column":48},"end":{"line":49,"column":53}},{"start":{"line":49,"column":56},"end":{"line":49,"column":60}}],"line":49},"3":{"loc":{"start":{"line":61,"column":4},"end":{"line":74,"column":5}},"type":"if","locations":[{"start":{"line":61,"column":4},"end":{"line":74,"column":5}},{"start":{},"end":{}}],"line":61},"4":{"loc":{"start":{"line":68,"column":23},"end":{"line":68,"column":75}},"type":"binary-expr","locations":[{"start":{"line":68,"column":23},"end":{"line":68,"column":40}},{"start":{"line":68,"column":44},"end":{"line":68,"column":59}},{"start":{"line":68,"column":63},"end":{"line":68,"column":75}}],"line":68},"5":{"loc":{"start":{"line":70,"column":23},"end":{"line":70,"column":48}},"type":"binary-expr","locations":[{"start":{"line":70,"column":23},"end":{"line":70,"column":32}},{"start":{"line":70,"column":36},"end":{"line":70,"column":48}}],"line":70}},"s":{"0":0,"1":0,"2":0,"3":0,"4":0,"5":0,"6":0,"7":0,"8":0,"9":0,"10":0,"11":0,"12":0,"13":0,"14":0,"15":0,"16":0,"17":0,"18":0,"19":0,"20":0,"21":0,"22":0,"23":0,"24":0,"25":0,"26":0,"27":0,"28":0,"29":0,"30":0,"31":0,"32":0,"33":0,"34":0,"35":0},"f":{"0":0,"1":0,"2":0},"b":{"0":[0,0],"1":[0,0],"2":[0,0],"3":[0,0],"4":[0,0,0],"5":[0,0]}}
,"/Users/faithng/healthninjanew/HealthNinja-frontend/api/postService.js": {"path":"/Users/faithng/healthninjanew/HealthNinja-frontend/api/postService.js","statementMap":{"0":{"start":{"line":4,"column":17},"end":{"line":4,"column":54}},"1":{"start":{"line":6,"column":21},"end":{"line":10,"column":1}},"2":{"start":{"line":7,"column":16},"end":{"line":7,"column":51}},"3":{"start":{"line":8,"column":2},"end":{"line":8,"column":47}},"4":{"start":{"line":8,"column":14},"end":{"line":8,"column":47}},"5":{"start":{"line":9,"column":2},"end":{"line":9,"column":15}},"6":{"start":{"line":12,"column":26},"end":{"line":18,"column":1}},"7":{"start":{"line":13,"column":19},"end":{"line":13,"column":55}},"8":{"start":{"line":14,"column":2},"end":{"line":16,"column":3}},"9":{"start":{"line":15,"column":4},"end":{"line":15,"column":45}},"10":{"start":{"line":17,"column":2},"end":{"line":17,"column":31}},"11":{"start":{"line":20,"column":26},"end":{"line":52,"column":1}},"12":{"start":{"line":21,"column":16},"end":{"line":21,"column":36}},"13":{"start":{"line":23,"column":21},"end":{"line":23,"column":42}},"14":{"start":{"line":24,"column":20},"end":{"line":24,"column":63}},"15":{"start":{"line":24,"column":37},"end":{"line":24,"column":55}},"16":{"start":{"line":26,"column":2},"end":{"line":51,"column":3}},"17":{"start":{"line":27,"column":21},"end":{"line":35,"column":6}},"18":{"start":{"line":37,"column":4},"end":{"line":37,"column":28}},"19":{"start":{"line":39,"column":4},"end":{"line":42,"column":5}},"20":{"start":{"line":40,"column":27},"end":{"line":40,"column":48}},"21":{"start":{"line":41,"column":6},"end":{"line":41,"column":83}},"22":{"start":{"line":44,"column":4},"end":{"line":44,"column":33}},"23":{"start":{"line":46,"column":4},"end":{"line":46,"column":28}},"24":{"start":{"line":47,"column":4},"end":{"line":49,"column":5}},"25":{"start":{"line":48,"column":6},"end":{"line":48,"column":41}},"26":{"start":{"line":50,"column":4},"end":{"line":50,"column":16}},"27":{"start":{"line":54,"column":26},"end":{"line":70,"column":1}},"28":{"start":{"line":55,"column":16},"end":{"line":55,"column":36}},"29":{"start":{"line":57,"column":19},"end":{"line":62,"column":4}},"30":{"start":{"line":64,"column":2},"end":{"line":67,"column":3}},"31":{"start":{"line":65,"column":22},"end":{"line":65,"column":43}},"32":{"start":{"line":66,"column":4},"end":{"line":66,"column":51}},"33":{"start":{"line":69,"column":2},"end":{"line":69,"column":31}},"34":{"start":{"line":72,"column":27},"end":{"line":80,"column":1}},"35":{"start":{"line":73,"column":2},"end":{"line":79,"column":3}},"36":{"start":{"line":74,"column":21},"end":{"line":74,"column":57}},"37":{"start":{"line":75,"column":17},"end":{"line":75,"column":38}},"38":{"start":{"line":76,"column":4},"end":{"line":76,"column":35}},"39":{"start":{"line":78,"column":4},"end":{"line":78,"column":52}}},"fnMap":{"0":{"name":"(anonymous_0)","decl":{"start":{"line":6,"column":21},"end":{"line":6,"column":22}},"loc":{"start":{"line":6,"column":33},"end":{"line":10,"column":1}},"line":6},"1":{"name":"(anonymous_1)","decl":{"start":{"line":12,"column":26},"end":{"line":12,"column":27}},"loc":{"start":{"line":12,"column":38},"end":{"line":18,"column":1}},"line":12},"2":{"name":"(anonymous_2)","decl":{"start":{"line":20,"column":26},"end":{"line":20,"column":27}},"loc":{"start":{"line":20,"column":45},"end":{"line":52,"column":1}},"line":20},"3":{"name":"(anonymous_3)","decl":{"start":{"line":24,"column":31},"end":{"line":24,"column":32}},"loc":{"start":{"line":24,"column":37},"end":{"line":24,"column":55}},"line":24},"4":{"name":"(anonymous_4)","decl":{"start":{"line":54,"column":26},"end":{"line":54,"column":27}},"loc":{"start":{"line":54,"column":44},"end":{"line":70,"column":1}},"line":54},"5":{"name":"(anonymous_5)","decl":{"start":{"line":72,"column":27},"end":{"line":72,"column":28}},"loc":{"start":{"line":72,"column":39},"end":{"line":80,"column":1}},"line":72}},"branchMap":{"0":{"loc":{"start":{"line":8,"column":2},"end":{"line":8,"column":47}},"type":"if","locations":[{"start":{"line":8,"column":2},"end":{"line":8,"column":47}},{"start":{},"end":{}}],"line":8},"1":{"loc":{"start":{"line":14,"column":2},"end":{"line":16,"column":3}},"type":"if","locations":[{"start":{"line":14,"column":2},"end":{"line":16,"column":3}},{"start":{},"end":{}}],"line":14},"2":{"loc":{"start":{"line":39,"column":4},"end":{"line":42,"column":5}},"type":"if","locations":[{"start":{"line":39,"column":4},"end":{"line":42,"column":5}},{"start":{},"end":{}}],"line":39},"3":{"loc":{"start":{"line":47,"column":4},"end":{"line":49,"column":5}},"type":"if","locations":[{"start":{"line":47,"column":4},"end":{"line":49,"column":5}},{"start":{},"end":{}}],"line":47},"4":{"loc":{"start":{"line":64,"column":2},"end":{"line":67,"column":3}},"type":"if","locations":[{"start":{"line":64,"column":2},"end":{"line":67,"column":3}},{"start":{},"end":{}}],"line":64}},"s":{"0":0,"1":0,"2":0,"3":0,"4":0,"5":0,"6":0,"7":0,"8":0,"9":0,"10":0,"11":0,"12":0,"13":0,"14":0,"15":0,"16":0,"17":0,"18":0,"19":0,"20":0,"21":0,"22":0,"23":0,"24":0,"25":0,"26":0,"27":0,"28":0,"29":0,"30":0,"31":0,"32":0,"33":0,"34":0,"35":0,"36":0,"37":0,"38":0,"39":0},"f":{"0":0,"1":0,"2":0,"3":0,"4":0,"5":0},"b":{"0":[0,0],"1":[0,0],"2":[0,0],"3":[0,0],"4":[0,0]}}
,"/Users/faithng/healthninjanew/HealthNinja-frontend/api/sleepService.js": {"path":"/Users/faithng/healthninjanew/HealthNinja-frontend/api/sleepService.js","statementMap":{"0":{"start":{"line":3,"column":17},"end":{"line":3,"column":54}},"1":{"start":{"line":9,"column":4},"end":{"line":27,"column":5}},"2":{"start":{"line":10,"column":23},"end":{"line":16,"column":8}},"3":{"start":{"line":18,"column":6},"end":{"line":20,"column":7}},"4":{"start":{"line":19,"column":8},"end":{"line":19,"column":54}},"5":{"start":{"line":22,"column":19},"end":{"line":22,"column":40}},"6":{"start":{"line":23,"column":6},"end":{"line":23,"column":18}},"7":{"start":{"line":25,"column":6},"end":{"line":25,"column":57}},"8":{"start":{"line":26,"column":6},"end":{"line":26,"column":18}},"9":{"start":{"line":32,"column":2},"end":{"line":89,"column":3}},"10":{"start":{"line":33,"column":4},"end":{"line":33,"column":73}},"11":{"start":{"line":35,"column":22},"end":{"line":35,"column":47}},"12":{"start":{"line":36,"column":4},"end":{"line":36,"column":66}},"13":{"start":{"line":38,"column":24},"end":{"line":41,"column":5}},"14":{"start":{"line":42,"column":4},"end":{"line":42,"column":46}},"15":{"start":{"line":44,"column":21},"end":{"line":51,"column":6}},"16":{"start":{"line":53,"column":4},"end":{"line":53,"column":53}},"17":{"start":{"line":54,"column":4},"end":{"line":54,"column":75}},"18":{"start":{"line":57,"column":4},"end":{"line":74,"column":5}},"19":{"start":{"line":59,"column":24},"end":{"line":59,"column":45}},"20":{"start":{"line":60,"column":6},"end":{"line":60,"column":55}},"21":{"start":{"line":62,"column":25},"end":{"line":62,"column":74}},"22":{"start":{"line":65,"column":6},"end":{"line":71,"column":7}},"23":{"start":{"line":66,"column":26},"end":{"line":66,"column":47}},"24":{"start":{"line":67,"column":8},"end":{"line":67,"column":76}},"25":{"start":{"line":70,"column":8},"end":{"line":70,"column":49}},"26":{"start":{"line":73,"column":6},"end":{"line":73,"column":68}},"27":{"start":{"line":76,"column":17},"end":{"line":76,"column":38}},"28":{"start":{"line":77,"column":4},"end":{"line":77,"column":43}},"29":{"start":{"line":78,"column":4},"end":{"line":78,"column":28}},"30":{"start":{"line":81,"column":4},"end":{"line":81,"column":53}},"31":{"start":{"line":84,"column":4},"end":{"line":86,"column":5}},"32":{"start":{"line":85,"column":6},"end":{"line":85,"column":65}},"33":{"start":{"line":88,"column":4},"end":{"line":88,"column":16}},"34":{"start":{"line":94,"column":4},"end":{"line":132,"column":5}},"35":{"start":{"line":95,"column":6},"end":{"line":95,"column":66}},"36":{"start":{"line":97,"column":24},"end":{"line":97,"column":49}},"37":{"start":{"line":98,"column":6},"end":{"line":98,"column":68}},"38":{"start":{"line":100,"column":23},"end":{"line":107,"column":8}},"39":{"start":{"line":109,"column":6},"end":{"line":109,"column":62}},"40":{"start":{"line":111,"column":6},"end":{"line":124,"column":7}},"41":{"start":{"line":112,"column":26},"end":{"line":112,"column":47}},"42":{"start":{"line":113,"column":8},"end":{"line":113,"column":59}},"43":{"start":{"line":115,"column":27},"end":{"line":115,"column":76}},"44":{"start":{"line":116,"column":8},"end":{"line":121,"column":9}},"45":{"start":{"line":117,"column":28},"end":{"line":117,"column":49}},"46":{"start":{"line":118,"column":10},"end":{"line":118,"column":78}},"47":{"start":{"line":120,"column":10},"end":{"line":120,"column":51}},"48":{"start":{"line":123,"column":8},"end":{"line":123,"column":72}},"49":{"start":{"line":126,"column":19},"end":{"line":126,"column":40}},"50":{"start":{"line":127,"column":6},"end":{"line":127,"column":52}},"51":{"start":{"line":128,"column":6},"end":{"line":128,"column":30}},"52":{"start":{"line":130,"column":6},"end":{"line":130,"column":57}},"53":{"start":{"line":131,"column":6},"end":{"line":131,"column":18}},"54":{"start":{"line":137,"column":4},"end":{"line":154,"column":5}},"55":{"start":{"line":138,"column":23},"end":{"line":144,"column":8}},"56":{"start":{"line":146,"column":6},"end":{"line":148,"column":7}},"57":{"start":{"line":147,"column":8},"end":{"line":147,"column":55}},"58":{"start":{"line":150,"column":6},"end":{"line":150,"column":18}},"59":{"start":{"line":152,"column":6},"end":{"line":152,"column":57}},"60":{"start":{"line":153,"column":6},"end":{"line":153,"column":18}},"61":{"start":{"line":159,"column":4},"end":{"line":165,"column":5}},"62":{"start":{"line":160,"column":20},"end":{"line":160,"column":55}},"63":{"start":{"line":161,"column":6},"end":{"line":161,"column":19}},"64":{"start":{"line":163,"column":6},"end":{"line":163,"column":56}},"65":{"start":{"line":164,"column":6},"end":{"line":164,"column":18}},"66":{"start":{"line":170,"column":4},"end":{"line":176,"column":5}},"67":{"start":{"line":171,"column":20},"end":{"line":171,"column":59}},"68":{"start":{"line":172,"column":6},"end":{"line":172,"column":19}},"69":{"start":{"line":174,"column":6},"end":{"line":174,"column":56}},"70":{"start":{"line":175,"column":6},"end":{"line":175,"column":18}},"71":{"start":{"line":180,"column":8},"end":{"line":187,"column":11}},"72":{"start":{"line":182,"column":26},"end":{"line":182,"column":65}},"73":{"start":{"line":183,"column":12},"end":{"line":183,"column":25}},"74":{"start":{"line":185,"column":12},"end":{"line":185,"column":62}},"75":{"start":{"line":186,"column":12},"end":{"line":186,"column":24}}},"fnMap":{"0":{"name":"(anonymous_0)","decl":{"start":{"line":8,"column":2},"end":{"line":8,"column":3}},"loc":{"start":{"line":8,"column":36},"end":{"line":28,"column":3}},"line":8},"1":{"name":"(anonymous_1)","decl":{"start":{"line":31,"column":2},"end":{"line":31,"column":3}},"loc":{"start":{"line":31,"column":48},"end":{"line":90,"column":1}},"line":31},"2":{"name":"(anonymous_2)","decl":{"start":{"line":93,"column":2},"end":{"line":93,"column":3}},"loc":{"start":{"line":93,"column":52},"end":{"line":133,"column":3}},"line":93},"3":{"name":"(anonymous_3)","decl":{"start":{"line":136,"column":2},"end":{"line":136,"column":3}},"loc":{"start":{"line":136,"column":41},"end":{"line":155,"column":3}},"line":136},"4":{"name":"(anonymous_4)","decl":{"start":{"line":158,"column":2},"end":{"line":158,"column":3}},"loc":{"start":{"line":158,"column":30},"end":{"line":166,"column":3}},"line":158},"5":{"name":"(anonymous_5)","decl":{"start":{"line":169,"column":2},"end":{"line":169,"column":3}},"loc":{"start":{"line":169,"column":37},"end":{"line":177,"column":3}},"line":169},"6":{"name":"(anonymous_6)","decl":{"start":{"line":179,"column":4},"end":{"line":179,"column":5}},"loc":{"start":{"line":179,"column":30},"end":{"line":188,"column":5}},"line":179}},"branchMap":{"0":{"loc":{"start":{"line":18,"column":6},"end":{"line":20,"column":7}},"type":"if","locations":[{"start":{"line":18,"column":6},"end":{"line":20,"column":7}},{"start":{},"end":{}}],"line":18},"1":{"loc":{"start":{"line":36,"column":40},"end":{"line":36,"column":64}},"type":"cond-expr","locations":[{"start":{"line":36,"column":52},"end":{"line":36,"column":57}},{"start":{"line":36,"column":60},"end":{"line":36,"column":64}}],"line":36},"2":{"loc":{"start":{"line":57,"column":4},"end":{"line":74,"column":5}},"type":"if","locations":[{"start":{"line":57,"column":4},"end":{"line":74,"column":5}},{"start":{},"end":{}}],"line":57},"3":{"loc":{"start":{"line":67,"column":23},"end":{"line":67,"column":75}},"type":"binary-expr","locations":[{"start":{"line":67,"column":23},"end":{"line":67,"column":40}},{"start":{"line":67,"column":44},"end":{"line":67,"column":59}},{"start":{"line":67,"column":63},"end":{"line":67,"column":75}}],"line":67},"4":{"loc":{"start":{"line":70,"column":23},"end":{"line":70,"column":48}},"type":"binary-expr","locations":[{"start":{"line":70,"column":23},"end":{"line":70,"column":32}},{"start":{"line":70,"column":36},"end":{"line":70,"column":48}}],"line":70},"5":{"loc":{"start":{"line":84,"column":4},"end":{"line":86,"column":5}},"type":"if","locations":[{"start":{"line":84,"column":4},"end":{"line":86,"column":5}},{"start":{},"end":{}}],"line":84},"6":{"loc":{"start":{"line":84,"column":8},"end":{"line":84,"column":69}},"type":"binary-expr","locations":[{"start":{"line":84,"column":8},"end":{"line":84,"column":34}},{"start":{"line":84,"column":38},"end":{"line":84,"column":69}}],"line":84},"7":{"loc":{"start":{"line":98,"column":42},"end":{"line":98,"column":66}},"type":"cond-expr","locations":[{"start":{"line":98,"column":54},"end":{"line":98,"column":59}},{"start":{"line":98,"column":62},"end":{"line":98,"column":66}}],"line":98},"8":{"loc":{"start":{"line":111,"column":6},"end":{"line":124,"column":7}},"type":"if","locations":[{"start":{"line":111,"column":6},"end":{"line":124,"column":7}},{"start":{},"end":{}}],"line":111},"9":{"loc":{"start":{"line":118,"column":25},"end":{"line":118,"column":77}},"type":"binary-expr","locations":[{"start":{"line":118,"column":25},"end":{"line":118,"column":42}},{"start":{"line":118,"column":46},"end":{"line":118,"column":61}},{"start":{"line":118,"column":65},"end":{"line":118,"column":77}}],"line":118},"10":{"loc":{"start":{"line":120,"column":25},"end":{"line":120,"column":50}},"type":"binary-expr","locations":[{"start":{"line":120,"column":25},"end":{"line":120,"column":34}},{"start":{"line":120,"column":38},"end":{"line":120,"column":50}}],"line":120},"11":{"loc":{"start":{"line":146,"column":6},"end":{"line":148,"column":7}},"type":"if","locations":[{"start":{"line":146,"column":6},"end":{"line":148,"column":7}},{"start":{},"end":{}}],"line":146}},"s":{"0":0,"1":0,"2":0,"3":0,"4":0,"5":0,"6":0,"7":0,"8":0,"9":0,"10":0,"11":0,"12":0,"13":0,"14":0,"15":0,"16":0,"17":0,"18":0,"19":0,"20":0,"21":0,"22":0,"23":0,"24":0,"25":0,"26":0,"27":0,"28":0,"29":0,"30":0,"31":0,"32":0,"33":0,"34":0,"35":0,"36":0,"37":0,"38":0,"39":0,"40":0,"41":0,"42":0,"43":0,"44":0,"45":0,"46":0,"47":0,"48":0,"49":0,"50":0,"51":0,"52":0,"53":0,"54":0,"55":0,"56":0,"57":0,"58":0,"59":0,"60":0,"61":0,"62":0,"63":0,"64":0,"65":0,"66":0,"67":0,"68":0,"69":0,"70":0,"71":0,"72":0,"73":0,"74":0,"75":0},"f":{"0":0,"1":0,"2":0,"3":0,"4":0,"5":0,"6":0},"b":{"0":[0,0],"1":[0,0],"2":[0,0],"3":[0,0,0],"4":[0,0],"5":[0,0],"6":[0,0],"7":[0,0],"8":[0,0],"9":[0,0,0],"10":[0,0],"11":[0,0]}}
,"/Users/faithng/healthninjanew/HealthNinja-frontend/api/stepTrackerService.js": {"path":"/Users/faithng/healthninjanew/HealthNinja-frontend/api/stepTrackerService.js","statementMap":{"0":{"start":{"line":5,"column":17},"end":{"line":5,"column":54}},"1":{"start":{"line":7,"column":25},"end":{"line":24,"column":1}},"2":{"start":{"line":8,"column":2},"end":{"line":23,"column":3}},"3":{"start":{"line":9,"column":18},"end":{"line":9,"column":53}},"4":{"start":{"line":10,"column":21},"end":{"line":17,"column":6}},"5":{"start":{"line":19,"column":4},"end":{"line":19,"column":62}},"6":{"start":{"line":19,"column":22},"end":{"line":19,"column":62}},"7":{"start":{"line":20,"column":4},"end":{"line":20,"column":33}},"8":{"start":{"line":22,"column":4},"end":{"line":22,"column":16}},"9":{"start":{"line":26,"column":30},"end":{"line":66,"column":1}},"10":{"start":{"line":27,"column":2},"end":{"line":65,"column":3}},"11":{"start":{"line":28,"column":18},"end":{"line":28,"column":53}},"12":{"start":{"line":29,"column":21},"end":{"line":31,"column":6}},"13":{"start":{"line":34,"column":4},"end":{"line":37,"column":5}},"14":{"start":{"line":35,"column":24},"end":{"line":35,"column":45}},"15":{"start":{"line":36,"column":6},"end":{"line":36,"column":63}},"16":{"start":{"line":41,"column":4},"end":{"line":45,"column":5}},"17":{"start":{"line":42,"column":6},"end":{"line":42,"column":37}},"18":{"start":{"line":44,"column":6},"end":{"line":44,"column":47}},"19":{"start":{"line":48,"column":4},"end":{"line":50,"column":5}},"20":{"start":{"line":49,"column":6},"end":{"line":49,"column":63}},"21":{"start":{"line":53,"column":17},"end":{"line":53,"column":28}},"22":{"start":{"line":54,"column":4},"end":{"line":57,"column":5}},"23":{"start":{"line":55,"column":6},"end":{"line":55,"column":71}},"24":{"start":{"line":56,"column":6},"end":{"line":56,"column":16}},"25":{"start":{"line":60,"column":4},"end":{"line":60,"column":47}},"26":{"start":{"line":63,"column":4},"end":{"line":63,"column":53}},"27":{"start":{"line":64,"column":4},"end":{"line":64,"column":16}},"28":{"start":{"line":69,"column":31},"end":{"line":72,"column":1}},"29":{"start":{"line":70,"column":15},"end":{"line":70,"column":55}},"30":{"start":{"line":71,"column":2},"end":{"line":71,"column":64}},"31":{"start":{"line":71,"column":36},"end":{"line":71,"column":59}},"32":{"start":{"line":74,"column":31},"end":{"line":76,"column":1}},"33":{"start":{"line":75,"column":2},"end":{"line":75,"column":51}},"34":{"start":{"line":79,"column":2},"end":{"line":108,"column":3}},"35":{"start":{"line":80,"column":18},"end":{"line":80,"column":53}},"36":{"start":{"line":81,"column":21},"end":{"line":91,"column":6}},"37":{"start":{"line":93,"column":4},"end":{"line":95,"column":5}},"38":{"start":{"line":94,"column":6},"end":{"line":94,"column":64}},"39":{"start":{"line":97,"column":19},"end":{"line":97,"column":40}},"40":{"start":{"line":98,"column":4},"end":{"line":104,"column":5}},"41":{"start":{"line":100,"column":6},"end":{"line":100,"column":24}},"42":{"start":{"line":101,"column":6},"end":{"line":101,"column":24}},"43":{"start":{"line":103,"column":6},"end":{"line":103,"column":45}},"44":{"start":{"line":106,"column":4},"end":{"line":106,"column":49}},"45":{"start":{"line":107,"column":4},"end":{"line":107,"column":48}}},"fnMap":{"0":{"name":"(anonymous_0)","decl":{"start":{"line":7,"column":25},"end":{"line":7,"column":26}},"loc":{"start":{"line":7,"column":42},"end":{"line":24,"column":1}},"line":7},"1":{"name":"(anonymous_1)","decl":{"start":{"line":26,"column":30},"end":{"line":26,"column":31}},"loc":{"start":{"line":26,"column":50},"end":{"line":66,"column":1}},"line":26},"2":{"name":"(anonymous_2)","decl":{"start":{"line":69,"column":31},"end":{"line":69,"column":32}},"loc":{"start":{"line":69,"column":43},"end":{"line":72,"column":1}},"line":69},"3":{"name":"(anonymous_3)","decl":{"start":{"line":71,"column":21},"end":{"line":71,"column":22}},"loc":{"start":{"line":71,"column":36},"end":{"line":71,"column":59}},"line":71},"4":{"name":"(anonymous_4)","decl":{"start":{"line":74,"column":31},"end":{"line":74,"column":32}},"loc":{"start":{"line":74,"column":43},"end":{"line":76,"column":1}},"line":74},"5":{"name":"logSteps","decl":{"start":{"line":78,"column":15},"end":{"line":78,"column":23}},"loc":{"start":{"line":78,"column":31},"end":{"line":109,"column":1}},"line":78}},"branchMap":{"0":{"loc":{"start":{"line":19,"column":4},"end":{"line":19,"column":62}},"type":"if","locations":[{"start":{"line":19,"column":4},"end":{"line":19,"column":62}},{"start":{},"end":{}}],"line":19},"1":{"loc":{"start":{"line":34,"column":4},"end":{"line":37,"column":5}},"type":"if","locations":[{"start":{"line":34,"column":4},"end":{"line":37,"column":5}},{"start":{},"end":{}}],"line":34},"2":{"loc":{"start":{"line":48,"column":4},"end":{"line":50,"column":5}},"type":"if","locations":[{"start":{"line":48,"column":4},"end":{"line":50,"column":5}},{"start":{},"end":{}}],"line":48},"3":{"loc":{"start":{"line":49,"column":22},"end":{"line":49,"column":61}},"type":"binary-expr","locations":[{"start":{"line":49,"column":22},"end":{"line":49,"column":37}},{"start":{"line":49,"column":41},"end":{"line":49,"column":61}}],"line":49},"4":{"loc":{"start":{"line":54,"column":4},"end":{"line":57,"column":5}},"type":"if","locations":[{"start":{"line":54,"column":4},"end":{"line":57,"column":5}},{"start":{},"end":{}}],"line":54},"5":{"loc":{"start":{"line":60,"column":11},"end":{"line":60,"column":46}},"type":"cond-expr","locations":[{"start":{"line":60,"column":33},"end":{"line":60,"column":37}},{"start":{"line":60,"column":40},"end":{"line":60,"column":46}}],"line":60},"6":{"loc":{"start":{"line":71,"column":43},"end":{"line":71,"column":58}},"type":"binary-expr","locations":[{"start":{"line":71,"column":43},"end":{"line":71,"column":53}},{"start":{"line":71,"column":57},"end":{"line":71,"column":58}}],"line":71},"7":{"loc":{"start":{"line":93,"column":4},"end":{"line":95,"column":5}},"type":"if","locations":[{"start":{"line":93,"column":4},"end":{"line":95,"column":5}},{"start":{},"end":{}}],"line":93},"8":{"loc":{"start":{"line":98,"column":4},"end":{"line":104,"column":5}},"type":"if","locations":[{"start":{"line":98,"column":4},"end":{"line":104,"column":5}},{"start":{"line":102,"column":11},"end":{"line":104,"column":5}}],"line":98}},"s":{"0":0,"1":0,"2":0,"3":0,"4":0,"5":0,"6":0,"7":0,"8":0,"9":0,"10":0,"11":0,"12":0,"13":0,"14":0,"15":0,"16":0,"17":0,"18":0,"19":0,"20":0,"21":0,"22":0,"23":0,"24":0,"25":0,"26":0,"27":0,"28":0,"29":0,"30":0,"31":0,"32":0,"33":0,"34":0,"35":0,"36":0,"37":0,"38":0,"39":0,"40":0,"41":0,"42":0,"43":0,"44":0,"45":0},"f":{"0":0,"1":0,"2":0,"3":0,"4":0,"5":0},"b":{"0":[0,0],"1":[0,0],"2":[0,0],"3":[0,0],"4":[0,0],"5":[0,0],"6":[0,0],"7":[0,0],"8":[0,0]}}
,"/Users/faithng/healthninjanew/HealthNinja-frontend/app/_layout.js": {"path":"/Users/faithng/healthninjanew/HealthNinja-frontend/app/_layout.js","statementMap":{"0":{"start":{"line":4,"column":2},"end":{"line":4,"column":18}}},"fnMap":{"0":{"name":"RootLayout","decl":{"start":{"line":3,"column":24},"end":{"line":3,"column":34}},"loc":{"start":{"line":3,"column":37},"end":{"line":5,"column":1}},"line":3}},"branchMap":{},"s":{"0":0},"f":{"0":0},"b":{}}
,"/Users/faithng/healthninjanew/HealthNinja-frontend/app/login.js": {"path":"/Users/faithng/healthninjanew/HealthNinja-frontend/app/login.js","statementMap":{"0":{"start":{"line":8,"column":28},"end":{"line":8,"column":40}},"1":{"start":{"line":9,"column":34},"end":{"line":9,"column":46}},"2":{"start":{"line":10,"column":32},"end":{"line":10,"column":47}},"3":{"start":{"line":11,"column":17},"end":{"line":11,"column":28}},"4":{"start":{"line":13,"column":22},"end":{"line":29,"column":3}},"5":{"start":{"line":14,"column":4},"end":{"line":17,"column":5}},"6":{"start":{"line":15,"column":6},"end":{"line":15,"column":70}},"7":{"start":{"line":16,"column":6},"end":{"line":16,"column":13}},"8":{"start":{"line":19,"column":4},"end":{"line":19,"column":21}},"9":{"start":{"line":20,"column":4},"end":{"line":28,"column":5}},"10":{"start":{"line":21,"column":6},"end":{"line":21,"column":35}},"11":{"start":{"line":22,"column":6},"end":{"line":22,"column":53}},"12":{"start":{"line":23,"column":6},"end":{"line":23,"column":41}},"13":{"start":{"line":25,"column":6},"end":{"line":25,"column":96}},"14":{"start":{"line":27,"column":6},"end":{"line":27,"column":24}},"15":{"start":{"line":31,"column":2},"end":{"line":174,"column":4}},"16":{"start":{"line":160,"column":27},"end":{"line":160,"column":49}}},"fnMap":{"0":{"name":"LoginScreen","decl":{"start":{"line":7,"column":24},"end":{"line":7,"column":35}},"loc":{"start":{"line":7,"column":38},"end":{"line":175,"column":1}},"line":7},"1":{"name":"(anonymous_1)","decl":{"start":{"line":13,"column":22},"end":{"line":13,"column":23}},"loc":{"start":{"line":13,"column":34},"end":{"line":29,"column":3}},"line":13},"2":{"name":"(anonymous_2)","decl":{"start":{"line":160,"column":21},"end":{"line":160,"column":22}},"loc":{"start":{"line":160,"column":27},"end":{"line":160,"column":49}},"line":160}},"branchMap":{"0":{"loc":{"start":{"line":14,"column":4},"end":{"line":17,"column":5}},"type":"if","locations":[{"start":{"line":14,"column":4},"end":{"line":17,"column":5}},{"start":{},"end":{}}],"line":14},"1":{"loc":{"start":{"line":14,"column":8},"end":{"line":14,"column":41}},"type":"binary-expr","locations":[{"start":{"line":14,"column":8},"end":{"line":14,"column":21}},{"start":{"line":14,"column":25},"end":{"line":14,"column":41}}],"line":14},"2":{"loc":{"start":{"line":25,"column":34},"end":{"line":25,"column":94}},"type":"binary-expr","locations":[{"start":{"line":25,"column":34},"end":{"line":25,"column":45}},{"start":{"line":25,"column":49},"end":{"line":25,"column":94}}],"line":25},"3":{"loc":{"start":{"line":33,"column":16},"end":{"line":33,"column":60}},"type":"cond-expr","locations":[{"start":{"line":33,"column":40},"end":{"line":33,"column":49}},{"start":{"line":33,"column":52},"end":{"line":33,"column":60}}],"line":33},"4":{"loc":{"start":{"line":133,"column":31},"end":{"line":133,"column":62}},"type":"cond-expr","locations":[{"start":{"line":133,"column":41},"end":{"line":133,"column":50}},{"start":{"line":133,"column":53},"end":{"line":133,"column":62}}],"line":133},"5":{"loc":{"start":{"line":141,"column":13},"end":{"line":143,"column":13}},"type":"binary-expr","locations":[{"start":{"line":141,"column":13},"end":{"line":141,"column":20}},{"start":{"line":142,"column":14},"end":{"line":142,"column":76}}],"line":141},"6":{"loc":{"start":{"line":149,"column":15},"end":{"line":149,"column":52}},"type":"cond-expr","locations":[{"start":{"line":149,"column":25},"end":{"line":149,"column":40}},{"start":{"line":149,"column":43},"end":{"line":149,"column":52}}],"line":149}},"s":{"0":0,"1":0,"2":0,"3":0,"4":0,"5":0,"6":0,"7":0,"8":0,"9":0,"10":0,"11":0,"12":0,"13":0,"14":0,"15":0,"16":0},"f":{"0":0,"1":0,"2":0},"b":{"0":[0,0],"1":[0,0],"2":[0,0],"3":[0,0],"4":[0,0],"5":[0,0],"6":[0,0]}}
,"/Users/faithng/healthninjanew/HealthNinja-frontend/app/signup.js": {"path":"/Users/faithng/healthninjanew/HealthNinja-frontend/app/signup.js","statementMap":{"0":{"start":{"line":7,"column":28},"end":{"line":7,"column":40}},"1":{"start":{"line":8,"column":34},"end":{"line":8,"column":46}},"2":{"start":{"line":9,"column":48},"end":{"line":9,"column":60}},"3":{"start":{"line":10,"column":32},"end":{"line":10,"column":47}},"4":{"start":{"line":11,"column":17},"end":{"line":11,"column":28}},"5":{"start":{"line":13,"column":23},"end":{"line":38,"column":3}},"6":{"start":{"line":14,"column":4},"end":{"line":17,"column":5}},"7":{"start":{"line":15,"column":6},"end":{"line":15,"column":70}},"8":{"start":{"line":16,"column":6},"end":{"line":16,"column":13}},"9":{"start":{"line":19,"column":4},"end":{"line":22,"column":5}},"10":{"start":{"line":20,"column":6},"end":{"line":20,"column":65}},"11":{"start":{"line":21,"column":6},"end":{"line":21,"column":13}},"12":{"start":{"line":24,"column":4},"end":{"line":27,"column":5}},"13":{"start":{"line":25,"column":6},"end":{"line":25,"column":82}},"14":{"start":{"line":26,"column":6},"end":{"line":26,"column":13}},"15":{"start":{"line":29,"column":4},"end":{"line":29,"column":21}},"16":{"start":{"line":30,"column":4},"end":{"line":37,"column":5}},"17":{"start":{"line":31,"column":6},"end":{"line":31,"column":38}},"18":{"start":{"line":32,"column":6},"end":{"line":32,"column":41}},"19":{"start":{"line":34,"column":6},"end":{"line":34,"column":105}},"20":{"start":{"line":36,"column":6},"end":{"line":36,"column":24}},"21":{"start":{"line":40,"column":2},"end":{"line":202,"column":4}},"22":{"start":{"line":188,"column":27},"end":{"line":188,"column":51}}},"fnMap":{"0":{"name":"SignupScreen","decl":{"start":{"line":6,"column":24},"end":{"line":6,"column":36}},"loc":{"start":{"line":6,"column":39},"end":{"line":203,"column":1}},"line":6},"1":{"name":"(anonymous_1)","decl":{"start":{"line":13,"column":23},"end":{"line":13,"column":24}},"loc":{"start":{"line":13,"column":35},"end":{"line":38,"column":3}},"line":13},"2":{"name":"(anonymous_2)","decl":{"start":{"line":188,"column":21},"end":{"line":188,"column":22}},"loc":{"start":{"line":188,"column":27},"end":{"line":188,"column":51}},"line":188}},"branchMap":{"0":{"loc":{"start":{"line":14,"column":4},"end":{"line":17,"column":5}},"type":"if","locations":[{"start":{"line":14,"column":4},"end":{"line":17,"column":5}},{"start":{},"end":{}}],"line":14},"1":{"loc":{"start":{"line":14,"column":8},"end":{"line":14,"column":68}},"type":"binary-expr","locations":[{"start":{"line":14,"column":8},"end":{"line":14,"column":21}},{"start":{"line":14,"column":25},"end":{"line":14,"column":41}},{"start":{"line":14,"column":45},"end":{"line":14,"column":68}}],"line":14},"2":{"loc":{"start":{"line":19,"column":4},"end":{"line":22,"column":5}},"type":"if","locations":[{"start":{"line":19,"column":4},"end":{"line":22,"column":5}},{"start":{},"end":{}}],"line":19},"3":{"loc":{"start":{"line":24,"column":4},"end":{"line":27,"column":5}},"type":"if","locations":[{"start":{"line":24,"column":4},"end":{"line":27,"column":5}},{"start":{},"end":{}}],"line":24},"4":{"loc":{"start":{"line":34,"column":41},"end":{"line":34,"column":103}},"type":"binary-expr","locations":[{"start":{"line":34,"column":41},"end":{"line":34,"column":66}},{"start":{"line":34,"column":70},"end":{"line":34,"column":81}},{"start":{"line":34,"column":85},"end":{"line":34,"column":103}}],"line":34},"5":{"loc":{"start":{"line":42,"column":16},"end":{"line":42,"column":60}},"type":"cond-expr","locations":[{"start":{"line":42,"column":40},"end":{"line":42,"column":49}},{"start":{"line":42,"column":52},"end":{"line":42,"column":60}}],"line":42},"6":{"loc":{"start":{"line":161,"column":31},"end":{"line":161,"column":62}},"type":"cond-expr","locations":[{"start":{"line":161,"column":41},"end":{"line":161,"column":50}},{"start":{"line":161,"column":53},"end":{"line":161,"column":62}}],"line":161},"7":{"loc":{"start":{"line":169,"column":13},"end":{"line":171,"column":13}},"type":"binary-expr","locations":[{"start":{"line":169,"column":13},"end":{"line":169,"column":20}},{"start":{"line":170,"column":14},"end":{"line":170,"column":76}}],"line":169},"8":{"loc":{"start":{"line":177,"column":15},"end":{"line":177,"column":65}},"type":"cond-expr","locations":[{"start":{"line":177,"column":25},"end":{"line":177,"column":46}},{"start":{"line":177,"column":49},"end":{"line":177,"column":65}}],"line":177}},"s":{"0":0,"1":0,"2":0,"3":0,"4":0,"5":0,"6":0,"7":0,"8":0,"9":0,"10":0,"11":0,"12":0,"13":0,"14":0,"15":0,"16":0,"17":0,"18":0,"19":0,"20":0,"21":0,"22":0},"f":{"0":0,"1":0,"2":0},"b":{"0":[0,0],"1":[0,0,0],"2":[0,0],"3":[0,0],"4":[0,0,0],"5":[0,0],"6":[0,0],"7":[0,0],"8":[0,0]}}
,"/Users/faithng/healthninjanew/HealthNinja-frontend/app/community/CommunityScreen.js": {"path":"/Users/faithng/healthninjanew/HealthNinja-frontend/app/community/CommunityScreen.js","statementMap":{"0":{"start":{"line":9,"column":28},"end":{"line":9,"column":40}},"1":{"start":{"line":10,"column":32},"end":{"line":10,"column":46}},"2":{"start":{"line":11,"column":28},"end":{"line":11,"column":42}},"3":{"start":{"line":13,"column":27},"end":{"line":25,"column":3}},"4":{"start":{"line":14,"column":4},"end":{"line":24,"column":5}},"5":{"start":{"line":15,"column":6},"end":{"line":15,"column":23}},"6":{"start":{"line":16,"column":6},"end":{"line":16,"column":21}},"7":{"start":{"line":17,"column":30},"end":{"line":17,"column":48}},"8":{"start":{"line":18,"column":6},"end":{"line":18,"column":32}},"9":{"start":{"line":20,"column":6},"end":{"line":20,"column":39}},"10":{"start":{"line":21,"column":6},"end":{"line":21,"column":25}},"11":{"start":{"line":23,"column":6},"end":{"line":23,"column":24}},"12":{"start":{"line":27,"column":2},"end":{"line":29,"column":9}},"13":{"start":{"line":28,"column":4},"end":{"line":28,"column":23}},"14":{"start":{"line":31,"column":17},"end":{"line":31,"column":28}},"15":{"start":{"line":33,"column":2},"end":{"line":229,"column":4}},"16":{"start":{"line":173,"column":18},"end":{"line":195,"column":25}},"17":{"start":{"line":177,"column":22},"end":{"line":177,"column":75}},"18":{"start":{"line":177,"column":41},"end":{"line":177,"column":73}},"19":{"start":{"line":177,"column":60},"end":{"line":177,"column":72}},"20":{"start":{"line":180,"column":22},"end":{"line":184,"column":24}},"21":{"start":{"line":181,"column":24},"end":{"line":183,"column":25}},"22":{"start":{"line":182,"column":26},"end":{"line":182,"column":84}},"23":{"start":{"line":187,"column":22},"end":{"line":191,"column":24}},"24":{"start":{"line":188,"column":24},"end":{"line":190,"column":25}},"25":{"start":{"line":189,"column":26},"end":{"line":189,"column":84}},"26":{"start":{"line":214,"column":25},"end":{"line":214,"column":38}}},"fnMap":{"0":{"name":"CommunityScreen","decl":{"start":{"line":8,"column":24},"end":{"line":8,"column":39}},"loc":{"start":{"line":8,"column":42},"end":{"line":230,"column":1}},"line":8},"1":{"name":"(anonymous_1)","decl":{"start":{"line":13,"column":27},"end":{"line":13,"column":28}},"loc":{"start":{"line":13,"column":39},"end":{"line":25,"column":3}},"line":13},"2":{"name":"(anonymous_2)","decl":{"start":{"line":27,"column":12},"end":{"line":27,"column":13}},"loc":{"start":{"line":27,"column":18},"end":{"line":29,"column":3}},"line":27},"3":{"name":"(anonymous_3)","decl":{"start":{"line":172,"column":27},"end":{"line":172,"column":28}},"loc":{"start":{"line":173,"column":18},"end":{"line":195,"column":25}},"line":173},"4":{"name":"(anonymous_4)","decl":{"start":{"line":176,"column":30},"end":{"line":176,"column":31}},"loc":{"start":{"line":176,"column":38},"end":{"line":178,"column":21}},"line":176},"5":{"name":"(anonymous_5)","decl":{"start":{"line":177,"column":31},"end":{"line":177,"column":32}},"loc":{"start":{"line":177,"column":41},"end":{"line":177,"column":73}},"line":177},"6":{"name":"(anonymous_6)","decl":{"start":{"line":177,"column":53},"end":{"line":177,"column":54}},"loc":{"start":{"line":177,"column":60},"end":{"line":177,"column":72}},"line":177},"7":{"name":"(anonymous_7)","decl":{"start":{"line":179,"column":36},"end":{"line":179,"column":37}},"loc":{"start":{"line":179,"column":65},"end":{"line":185,"column":21}},"line":179},"8":{"name":"(anonymous_8)","decl":{"start":{"line":180,"column":31},"end":{"line":180,"column":32}},"loc":{"start":{"line":181,"column":24},"end":{"line":183,"column":25}},"line":181},"9":{"name":"(anonymous_9)","decl":{"start":{"line":181,"column":38},"end":{"line":181,"column":39}},"loc":{"start":{"line":182,"column":26},"end":{"line":182,"column":84}},"line":182},"10":{"name":"(anonymous_10)","decl":{"start":{"line":186,"column":38},"end":{"line":186,"column":39}},"loc":{"start":{"line":186,"column":67},"end":{"line":192,"column":21}},"line":186},"11":{"name":"(anonymous_11)","decl":{"start":{"line":187,"column":31},"end":{"line":187,"column":32}},"loc":{"start":{"line":188,"column":24},"end":{"line":190,"column":25}},"line":188},"12":{"name":"(anonymous_12)","decl":{"start":{"line":188,"column":38},"end":{"line":188,"column":39}},"loc":{"start":{"line":189,"column":26},"end":{"line":189,"column":84}},"line":189},"13":{"name":"(anonymous_13)","decl":{"start":{"line":214,"column":19},"end":{"line":214,"column":20}},"loc":{"start":{"line":214,"column":25},"end":{"line":214,"column":38}},"line":214}},"branchMap":{"0":{"loc":{"start":{"line":127,"column":13},"end":{"line":138,"column":13}},"type":"binary-expr","locations":[{"start":{"line":127,"column":13},"end":{"line":127,"column":18}},{"start":{"line":128,"column":14},"end":{"line":137,"column":21}}],"line":127},"1":{"loc":{"start":{"line":140,"column":13},"end":{"line":198,"column":13}},"type":"cond-expr","locations":[{"start":{"line":141,"column":14},"end":{"line":144,"column":21}},{"start":{"line":145,"column":16},"end":{"line":198,"column":13}}],"line":140},"2":{"loc":{"start":{"line":145,"column":16},"end":{"line":198,"column":13}},"type":"cond-expr","locations":[{"start":{"line":146,"column":14},"end":{"line":165,"column":21}},{"start":{"line":167,"column":14},"end":{"line":197,"column":27}}],"line":145},"3":{"loc":{"start":{"line":182,"column":26},"end":{"line":182,"column":84}},"type":"cond-expr","locations":[{"start":{"line":182,"column":45},"end":{"line":182,"column":80}},{"start":{"line":182,"column":83},"end":{"line":182,"column":84}}],"line":182},"4":{"loc":{"start":{"line":189,"column":26},"end":{"line":189,"column":84}},"type":"cond-expr","locations":[{"start":{"line":189,"column":45},"end":{"line":189,"column":80}},{"start":{"line":189,"column":83},"end":{"line":189,"column":84}}],"line":189}},"s":{"0":0,"1":0,"2":0,"3":0,"4":0,"5":0,"6":0,"7":0,"8":0,"9":0,"10":0,"11":0,"12":0,"13":0,"14":0,"15":0,"16":0,"17":0,"18":0,"19":0,"20":0,"21":0,"22":0,"23":0,"24":0,"25":0,"26":0},"f":{"0":0,"1":0,"2":0,"3":0,"4":0,"5":0,"6":0,"7":0,"8":0,"9":0,"10":0,"11":0,"12":0,"13":0},"b":{"0":[0,0],"1":[0,0],"2":[0,0],"3":[0,0],"4":[0,0]}}
,"/Users/faithng/healthninjanew/HealthNinja-frontend/app/community/CommunityStyles.js": {"path":"/Users/faithng/healthninjanew/HealthNinja-frontend/app/community/CommunityStyles.js","statementMap":{},"fnMap":{},"branchMap":{},"s":{},"f":{},"b":{}}
,"/Users/faithng/healthninjanew/HealthNinja-frontend/app/community/CreatePostForm.js": {"path":"/Users/faithng/healthninjanew/HealthNinja-frontend/app/community/CreatePostForm.js","statementMap":{"0":{"start":{"line":7,"column":32},"end":{"line":7,"column":44}},"1":{"start":{"line":8,"column":28},"end":{"line":8,"column":42}},"2":{"start":{"line":9,"column":42},"end":{"line":9,"column":57}},"3":{"start":{"line":11,"column":2},"end":{"line":21,"column":9}},"4":{"start":{"line":12,"column":25},"end":{"line":19,"column":5}},"5":{"start":{"line":13,"column":6},"end":{"line":18,"column":7}},"6":{"start":{"line":14,"column":26},"end":{"line":14,"column":65}},"7":{"start":{"line":15,"column":8},"end":{"line":15,"column":28}},"8":{"start":{"line":17,"column":8},"end":{"line":17,"column":58}},"9":{"start":{"line":20,"column":4},"end":{"line":20,"column":19}},"10":{"start":{"line":23,"column":23},"end":{"line":61,"column":3}},"11":{"start":{"line":24,"column":4},"end":{"line":27,"column":5}},"12":{"start":{"line":25,"column":6},"end":{"line":25,"column":59}},"13":{"start":{"line":26,"column":6},"end":{"line":26,"column":13}},"14":{"start":{"line":29,"column":4},"end":{"line":29,"column":45}},"15":{"start":{"line":30,"column":4},"end":{"line":30,"column":26}},"16":{"start":{"line":32,"column":4},"end":{"line":60,"column":5}},"17":{"start":{"line":33,"column":20},"end":{"line":33,"column":55}},"18":{"start":{"line":34,"column":6},"end":{"line":34,"column":56}},"19":{"start":{"line":35,"column":6},"end":{"line":35,"column":70}},"20":{"start":{"line":37,"column":6},"end":{"line":40,"column":5}},"21":{"start":{"line":38,"column":6},"end":{"line":38,"column":60}},"22":{"start":{"line":39,"column":6},"end":{"line":39,"column":13}},"23":{"start":{"line":42,"column":6},"end":{"line":42,"column":87}},"24":{"start":{"line":43,"column":22},"end":{"line":43,"column":54}},"25":{"start":{"line":44,"column":6},"end":{"line":44,"column":57}},"26":{"start":{"line":46,"column":6},"end":{"line":46,"column":22}},"27":{"start":{"line":47,"column":6},"end":{"line":47,"column":21}},"28":{"start":{"line":48,"column":6},"end":{"line":48,"column":59}},"29":{"start":{"line":51,"column":6},"end":{"line":51,"column":52}},"30":{"start":{"line":52,"column":6},"end":{"line":56,"column":7}},"31":{"start":{"line":57,"column":6},"end":{"line":57,"column":69}},"32":{"start":{"line":59,"column":6},"end":{"line":59,"column":29}},"33":{"start":{"line":63,"column":2},"end":{"line":81,"column":4}},"34":{"start":{"line":84,"column":15},"end":{"line":97,"column":2}}},"fnMap":{"0":{"name":"CreatePostForm","decl":{"start":{"line":6,"column":24},"end":{"line":6,"column":38}},"loc":{"start":{"line":6,"column":58},"end":{"line":82,"column":1}},"line":6},"1":{"name":"(anonymous_1)","decl":{"start":{"line":11,"column":12},"end":{"line":11,"column":13}},"loc":{"start":{"line":11,"column":18},"end":{"line":21,"column":3}},"line":11},"2":{"name":"(anonymous_2)","decl":{"start":{"line":12,"column":25},"end":{"line":12,"column":26}},"loc":{"start":{"line":12,"column":37},"end":{"line":19,"column":5}},"line":12},"3":{"name":"(anonymous_3)","decl":{"start":{"line":23,"column":23},"end":{"line":23,"column":24}},"loc":{"start":{"line":23,"column":35},"end":{"line":61,"column":3}},"line":23}},"branchMap":{"0":{"loc":{"start":{"line":24,"column":4},"end":{"line":27,"column":5}},"type":"if","locations":[{"start":{"line":24,"column":4},"end":{"line":27,"column":5}},{"start":{},"end":{}}],"line":24},"1":{"loc":{"start":{"line":35,"column":28},"end":{"line":35,"column":68}},"type":"cond-expr","locations":[{"start":{"line":35,"column":36},"end":{"line":35,"column":49}},{"start":{"line":35,"column":52},"end":{"line":35,"column":68}}],"line":35},"2":{"loc":{"start":{"line":37,"column":6},"end":{"line":40,"column":5}},"type":"if","locations":[{"start":{"line":37,"column":6},"end":{"line":40,"column":5}},{"start":{},"end":{}}],"line":37},"3":{"loc":{"start":{"line":57,"column":27},"end":{"line":57,"column":67}},"type":"binary-expr","locations":[{"start":{"line":57,"column":27},"end":{"line":57,"column":40}},{"start":{"line":57,"column":44},"end":{"line":57,"column":67}}],"line":57},"4":{"loc":{"start":{"line":75,"column":15},"end":{"line":75,"column":51}},"type":"cond-expr","locations":[{"start":{"line":75,"column":30},"end":{"line":75,"column":42}},{"start":{"line":75,"column":45},"end":{"line":75,"column":51}}],"line":75},"5":{"loc":{"start":{"line":77,"column":18},"end":{"line":77,"column":49}},"type":"binary-expr","locations":[{"start":{"line":77,"column":18},"end":{"line":77,"column":30}},{"start":{"line":77,"column":34},"end":{"line":77,"column":49}}],"line":77}},"s":{"0":0,"1":0,"2":0,"3":0,"4":0,"5":0,"6":0,"7":0,"8":0,"9":0,"10":0,"11":0,"12":0,"13":0,"14":0,"15":0,"16":0,"17":0,"18":0,"19":0,"20":0,"21":0,"22":0,"23":0,"24":0,"25":0,"26":0,"27":0,"28":0,"29":0,"30":0,"31":0,"32":0,"33":0,"34":0},"f":{"0":0,"1":0,"2":0,"3":0},"b":{"0":[0,0],"1":[0,0],"2":[0,0],"3":[0,0],"4":[0,0],"5":[0,0]}}
,"/Users/faithng/healthninjanew/HealthNinja-frontend/app/community/post.js": {"path":"/Users/faithng/healthninjanew/HealthNinja-frontend/app/community/post.js","statementMap":{"0":{"start":{"line":9,"column":17},"end":{"line":9,"column":54}},"1":{"start":{"line":12,"column":36},"end":{"line":12,"column":50}},"2":{"start":{"line":13,"column":40},"end":{"line":13,"column":52}},"3":{"start":{"line":14,"column":34},"end":{"line":14,"column":46}},"4":{"start":{"line":15,"column":42},"end":{"line":15,"column":57}},"5":{"start":{"line":17,"column":2},"end":{"line":23,"column":9}},"6":{"start":{"line":18,"column":25},"end":{"line":21,"column":5}},"7":{"start":{"line":19,"column":20},"end":{"line":19,"column":59}},"8":{"start":{"line":20,"column":6},"end":{"line":20,"column":26}},"9":{"start":{"line":22,"column":4},"end":{"line":22,"column":19}},"10":{"start":{"line":25,"column":2},"end":{"line":27,"column":22}},"11":{"start":{"line":26,"column":4},"end":{"line":26,"column":37}},"12":{"start":{"line":29,"column":27},"end":{"line":58,"column":3}},"13":{"start":{"line":30,"column":4},"end":{"line":30,"column":36}},"14":{"start":{"line":30,"column":29},"end":{"line":30,"column":36}},"15":{"start":{"line":32,"column":4},"end":{"line":32,"column":26}},"16":{"start":{"line":33,"column":4},"end":{"line":57,"column":5}},"17":{"start":{"line":34,"column":20},"end":{"line":34,"column":55}},"18":{"start":{"line":35,"column":6},"end":{"line":39,"column":7}},"19":{"start":{"line":36,"column":8},"end":{"line":36,"column":65}},"20":{"start":{"line":37,"column":8},"end":{"line":37,"column":31}},"21":{"start":{"line":38,"column":8},"end":{"line":38,"column":15}},"22":{"start":{"line":41,"column":25},"end":{"line":41,"column":71}},"23":{"start":{"line":43,"column":30},"end":{"line":47,"column":8}},"24":{"start":{"line":49,"column":6},"end":{"line":49,"column":35}},"25":{"start":{"line":50,"column":6},"end":{"line":50,"column":25}},"26":{"start":{"line":52,"column":6},"end":{"line":52,"column":68}},"27":{"start":{"line":52,"column":26},"end":{"line":52,"column":68}},"28":{"start":{"line":54,"column":6},"end":{"line":54,"column":69}},"29":{"start":{"line":56,"column":6},"end":{"line":56,"column":29}},"30":{"start":{"line":60,"column":30},"end":{"line":77,"column":3}},"31":{"start":{"line":61,"column":4},"end":{"line":76,"column":5}},"32":{"start":{"line":62,"column":20},"end":{"line":62,"column":55}},"33":{"start":{"line":63,"column":6},"end":{"line":66,"column":7}},"34":{"start":{"line":64,"column":8},"end":{"line":64,"column":73}},"35":{"start":{"line":65,"column":8},"end":{"line":65,"column":15}},"36":{"start":{"line":68,"column":6},"end":{"line":68,"column":54}},"37":{"start":{"line":70,"column":22},"end":{"line":70,"column":63}},"38":{"start":{"line":70,"column":43},"end":{"line":70,"column":62}},"39":{"start":{"line":71,"column":6},"end":{"line":71,"column":27}},"40":{"start":{"line":73,"column":6},"end":{"line":73,"column":64}},"41":{"start":{"line":73,"column":28},"end":{"line":73,"column":64}},"42":{"start":{"line":75,"column":6},"end":{"line":75,"column":72}},"43":{"start":{"line":79,"column":23},"end":{"line":93,"column":3}},"44":{"start":{"line":80,"column":4},"end":{"line":92,"column":5}},"45":{"start":{"line":81,"column":20},"end":{"line":81,"column":55}},"46":{"start":{"line":82,"column":6},"end":{"line":85,"column":7}},"47":{"start":{"line":83,"column":8},"end":{"line":83,"column":70}},"48":{"start":{"line":84,"column":8},"end":{"line":84,"column":15}},"49":{"start":{"line":87,"column":6},"end":{"line":87,"column":40}},"50":{"start":{"line":88,"column":6},"end":{"line":88,"column":58}},"51":{"start":{"line":89,"column":6},"end":{"line":89,"column":39}},"52":{"start":{"line":89,"column":20},"end":{"line":89,"column":39}},"53":{"start":{"line":91,"column":6},"end":{"line":91,"column":69}},"54":{"start":{"line":95,"column":2},"end":{"line":155,"column":4}},"55":{"start":{"line":116,"column":10},"end":{"line":135,"column":17}},"56":{"start":{"line":131,"column":33},"end":{"line":131,"column":65}}},"fnMap":{"0":{"name":"Post","decl":{"start":{"line":11,"column":24},"end":{"line":11,"column":28}},"loc":{"start":{"line":11,"column":83},"end":{"line":156,"column":1}},"line":11},"1":{"name":"(anonymous_1)","decl":{"start":{"line":17,"column":12},"end":{"line":17,"column":13}},"loc":{"start":{"line":17,"column":18},"end":{"line":23,"column":3}},"line":17},"2":{"name":"(anonymous_2)","decl":{"start":{"line":18,"column":25},"end":{"line":18,"column":26}},"loc":{"start":{"line":18,"column":37},"end":{"line":21,"column":5}},"line":18},"3":{"name":"(anonymous_3)","decl":{"start":{"line":25,"column":12},"end":{"line":25,"column":13}},"loc":{"start":{"line":25,"column":18},"end":{"line":27,"column":3}},"line":25},"4":{"name":"(anonymous_4)","decl":{"start":{"line":29,"column":27},"end":{"line":29,"column":28}},"loc":{"start":{"line":29,"column":39},"end":{"line":58,"column":3}},"line":29},"5":{"name":"(anonymous_5)","decl":{"start":{"line":60,"column":30},"end":{"line":60,"column":31}},"loc":{"start":{"line":60,"column":51},"end":{"line":77,"column":3}},"line":60},"6":{"name":"(anonymous_6)","decl":{"start":{"line":70,"column":38},"end":{"line":70,"column":39}},"loc":{"start":{"line":70,"column":43},"end":{"line":70,"column":62}},"line":70},"7":{"name":"(anonymous_7)","decl":{"start":{"line":79,"column":23},"end":{"line":79,"column":24}},"loc":{"start":{"line":79,"column":35},"end":{"line":93,"column":3}},"line":79},"8":{"name":"(anonymous_8)","decl":{"start":{"line":115,"column":22},"end":{"line":115,"column":23}},"loc":{"start":{"line":116,"column":10},"end":{"line":135,"column":17}},"line":116},"9":{"name":"(anonymous_9)","decl":{"start":{"line":131,"column":27},"end":{"line":131,"column":28}},"loc":{"start":{"line":131,"column":33},"end":{"line":131,"column":65}},"line":131}},"branchMap":{"0":{"loc":{"start":{"line":26,"column":16},"end":{"line":26,"column":35}},"type":"binary-expr","locations":[{"start":{"line":26,"column":16},"end":{"line":26,"column":29}},{"start":{"line":26,"column":33},"end":{"line":26,"column":35}}],"line":26},"1":{"loc":{"start":{"line":30,"column":4},"end":{"line":30,"column":36}},"type":"if","locations":[{"start":{"line":30,"column":4},"end":{"line":30,"column":36}},{"start":{},"end":{}}],"line":30},"2":{"loc":{"start":{"line":35,"column":6},"end":{"line":39,"column":7}},"type":"if","locations":[{"start":{"line":35,"column":6},"end":{"line":39,"column":7}},{"start":{},"end":{}}],"line":35},"3":{"loc":{"start":{"line":45,"column":15},"end":{"line":45,"column":39}},"type":"binary-expr","locations":[{"start":{"line":45,"column":15},"end":{"line":45,"column":24}},{"start":{"line":45,"column":28},"end":{"line":45,"column":39}}],"line":45},"4":{"loc":{"start":{"line":46,"column":19},"end":{"line":46,"column":53}},"type":"binary-expr","locations":[{"start":{"line":46,"column":19},"end":{"line":46,"column":39}},{"start":{"line":46,"column":43},"end":{"line":46,"column":53}}],"line":46},"5":{"loc":{"start":{"line":52,"column":6},"end":{"line":52,"column":68}},"type":"if","locations":[{"start":{"line":52,"column":6},"end":{"line":52,"column":68}},{"start":{},"end":{}}],"line":52},"6":{"loc":{"start":{"line":54,"column":27},"end":{"line":54,"column":67}},"type":"binary-expr","locations":[{"start":{"line":54,"column":27},"end":{"line":54,"column":40}},{"start":{"line":54,"column":44},"end":{"line":54,"column":67}}],"line":54},"7":{"loc":{"start":{"line":63,"column":6},"end":{"line":66,"column":7}},"type":"if","locations":[{"start":{"line":63,"column":6},"end":{"line":66,"column":7}},{"start":{},"end":{}}],"line":63},"8":{"loc":{"start":{"line":73,"column":6},"end":{"line":73,"column":64}},"type":"if","locations":[{"start":{"line":73,"column":6},"end":{"line":73,"column":64}},{"start":{},"end":{}}],"line":73},"9":{"loc":{"start":{"line":75,"column":27},"end":{"line":75,"column":70}},"type":"binary-expr","locations":[{"start":{"line":75,"column":27},"end":{"line":75,"column":40}},{"start":{"line":75,"column":44},"end":{"line":75,"column":70}}],"line":75},"10":{"loc":{"start":{"line":82,"column":6},"end":{"line":85,"column":7}},"type":"if","locations":[{"start":{"line":82,"column":6},"end":{"line":85,"column":7}},{"start":{},"end":{}}],"line":82},"11":{"loc":{"start":{"line":89,"column":6},"end":{"line":89,"column":39}},"type":"if","locations":[{"start":{"line":89,"column":6},"end":{"line":89,"column":39}},{"start":{},"end":{}}],"line":89},"12":{"loc":{"start":{"line":91,"column":27},"end":{"line":91,"column":67}},"type":"binary-expr","locations":[{"start":{"line":91,"column":27},"end":{"line":91,"column":40}},{"start":{"line":91,"column":44},"end":{"line":91,"column":67}}],"line":91},"13":{"loc":{"start":{"line":98,"column":40},"end":{"line":98,"column":65}},"type":"binary-expr","locations":[{"start":{"line":98,"column":40},"end":{"line":98,"column":50}},{"start":{"line":98,"column":54},"end":{"line":98,"column":65}}],"line":98},"14":{"loc":{"start":{"line":100,"column":11},"end":{"line":100,"column":90}},"type":"cond-expr","locations":[{"start":{"line":100,"column":28},"end":{"line":100,"column":73}},{"start":{"line":100,"column":76},"end":{"line":100,"column":90}}],"line":100},"15":{"loc":{"start":{"line":101,"column":11},"end":{"line":101,"column":132}},"type":"cond-expr","locations":[{"start":{"line":101,"column":28},"end":{"line":101,"column":115}},{"start":{"line":101,"column":118},"end":{"line":101,"column":132}}],"line":101},"16":{"loc":{"start":{"line":107,"column":7},"end":{"line":111,"column":7}},"type":"binary-expr","locations":[{"start":{"line":107,"column":7},"end":{"line":107,"column":31}},{"start":{"line":108,"column":8},"end":{"line":110,"column":15}}],"line":107},"17":{"loc":{"start":{"line":116,"column":21},"end":{"line":116,"column":53}},"type":"binary-expr","locations":[{"start":{"line":116,"column":21},"end":{"line":116,"column":32}},{"start":{"line":116,"column":36},"end":{"line":116,"column":53}}],"line":116},"18":{"loc":{"start":{"line":118,"column":49},"end":{"line":118,"column":77}},"type":"binary-expr","locations":[{"start":{"line":118,"column":49},"end":{"line":118,"column":62}},{"start":{"line":118,"column":66},"end":{"line":118,"column":77}}],"line":118},"19":{"loc":{"start":{"line":120,"column":17},"end":{"line":120,"column":102}},"type":"cond-expr","locations":[{"start":{"line":120,"column":37},"end":{"line":120,"column":85}},{"start":{"line":120,"column":88},"end":{"line":120,"column":102}}],"line":120},"20":{"loc":{"start":{"line":121,"column":17},"end":{"line":121,"column":144}},"type":"cond-expr","locations":[{"start":{"line":121,"column":37},"end":{"line":121,"column":127}},{"start":{"line":121,"column":130},"end":{"line":121,"column":144}}],"line":121},"21":{"loc":{"start":{"line":126,"column":13},"end":{"line":134,"column":13}},"type":"binary-expr","locations":[{"start":{"line":126,"column":13},"end":{"line":126,"column":40}},{"start":{"line":127,"column":14},"end":{"line":133,"column":21}}],"line":126},"22":{"loc":{"start":{"line":149,"column":17},"end":{"line":149,"column":61}},"type":"cond-expr","locations":[{"start":{"line":149,"column":32},"end":{"line":149,"column":44}},{"start":{"line":149,"column":47},"end":{"line":149,"column":61}}],"line":149},"23":{"loc":{"start":{"line":151,"column":20},"end":{"line":151,"column":55}},"type":"binary-expr","locations":[{"start":{"line":151,"column":20},"end":{"line":151,"column":39}},{"start":{"line":151,"column":43},"end":{"line":151,"column":55}}],"line":151}},"s":{"0":0,"1":0,"2":0,"3":0,"4":0,"5":0,"6":0,"7":0,"8":0,"9":0,"10":0,"11":0,"12":0,"13":0,"14":0,"15":0,"16":0,"17":0,"18":0,"19":0,"20":0,"21":0,"22":0,"23":0,"24":0,"25":0,"26":0,"27":0,"28":0,"29":0,"30":0,"31":0,"32":0,"33":0,"34":0,"35":0,"36":0,"37":0,"38":0,"39":0,"40":0,"41":0,"42":0,"43":0,"44":0,"45":0,"46":0,"47":0,"48":0,"49":0,"50":0,"51":0,"52":0,"53":0,"54":0,"55":0,"56":0},"f":{"0":0,"1":0,"2":0,"3":0,"4":0,"5":0,"6":0,"7":0,"8":0,"9":0},"b":{"0":[0,0],"1":[0,0],"2":[0,0],"3":[0,0],"4":[0,0],"5":[0,0],"6":[0,0],"7":[0,0],"8":[0,0],"9":[0,0],"10":[0,0],"11":[0,0],"12":[0,0],"13":[0,0],"14":[0,0],"15":[0,0],"16":[0,0],"17":[0,0],"18":[0,0],"19":[0,0],"20":[0,0],"21":[0,0],"22":[0,0],"23":[0,0]}}
,"/Users/faithng/healthninjanew/HealthNinja-frontend/app/gamification/GamificationScreen.js": {"path":"/Users/faithng/healthninjanew/HealthNinja-frontend/app/gamification/GamificationScreen.js","statementMap":{"0":{"start":{"line":18,"column":17},"end":{"line":18,"column":54}},"1":{"start":{"line":20,"column":27},"end":{"line":425,"column":1}},"2":{"start":{"line":21,"column":32},"end":{"line":21,"column":46}},"3":{"start":{"line":22,"column":38},"end":{"line":22,"column":53}},"4":{"start":{"line":23,"column":38},"end":{"line":23,"column":50}},"5":{"start":{"line":24,"column":36},"end":{"line":24,"column":48}},"6":{"start":{"line":25,"column":40},"end":{"line":25,"column":52}},"7":{"start":{"line":26,"column":40},"end":{"line":26,"column":54}},"8":{"start":{"line":27,"column":17},"end":{"line":27,"column":28}},"9":{"start":{"line":30,"column":17},"end":{"line":119,"column":3}},"10":{"start":{"line":121,"column":2},"end":{"line":123,"column":23}},"11":{"start":{"line":122,"column":4},"end":{"line":122,"column":21}},"12":{"start":{"line":125,"column":25},"end":{"line":145,"column":8}},"13":{"start":{"line":126,"column":4},"end":{"line":144,"column":5}},"14":{"start":{"line":127,"column":6},"end":{"line":127,"column":23}},"15":{"start":{"line":128,"column":20},"end":{"line":128,"column":59}},"16":{"start":{"line":129,"column":6},"end":{"line":132,"column":7}},"17":{"start":{"line":130,"column":8},"end":{"line":130,"column":69}},"18":{"start":{"line":131,"column":8},"end":{"line":131,"column":15}},"19":{"start":{"line":133,"column":6},"end":{"line":133,"column":28}},"20":{"start":{"line":134,"column":6},"end":{"line":138,"column":9}},"21":{"start":{"line":140,"column":6},"end":{"line":140,"column":68}},"22":{"start":{"line":141,"column":6},"end":{"line":141,"column":63}},"23":{"start":{"line":143,"column":6},"end":{"line":143,"column":24}},"24":{"start":{"line":147,"column":25},"end":{"line":164,"column":3}},"25":{"start":{"line":148,"column":4},"end":{"line":163,"column":5}},"26":{"start":{"line":149,"column":20},"end":{"line":149,"column":55}},"27":{"start":{"line":150,"column":23},"end":{"line":155,"column":8}},"28":{"start":{"line":157,"column":6},"end":{"line":160,"column":7}},"29":{"start":{"line":158,"column":21},"end":{"line":158,"column":42}},"30":{"start":{"line":159,"column":8},"end":{"line":159,"column":41}},"31":{"start":{"line":162,"column":6},"end":{"line":162,"column":57}},"32":{"start":{"line":166,"column":24},"end":{"line":183,"column":3}},"33":{"start":{"line":167,"column":4},"end":{"line":182,"column":5}},"34":{"start":{"line":168,"column":20},"end":{"line":168,"column":55}},"35":{"start":{"line":169,"column":23},"end":{"line":174,"column":8}},"36":{"start":{"line":176,"column":6},"end":{"line":179,"column":7}},"37":{"start":{"line":177,"column":21},"end":{"line":177,"column":42}},"38":{"start":{"line":178,"column":8},"end":{"line":178,"column":39}},"39":{"start":{"line":181,"column":6},"end":{"line":181,"column":56}},"40":{"start":{"line":185,"column":26},"end":{"line":202,"column":3}},"41":{"start":{"line":186,"column":4},"end":{"line":201,"column":5}},"42":{"start":{"line":187,"column":20},"end":{"line":187,"column":55}},"43":{"start":{"line":188,"column":23},"end":{"line":193,"column":8}},"44":{"start":{"line":195,"column":6},"end":{"line":198,"column":7}},"45":{"start":{"line":196,"column":21},"end":{"line":196,"column":42}},"46":{"start":{"line":197,"column":8},"end":{"line":197,"column":47}},"47":{"start":{"line":200,"column":6},"end":{"line":200,"column":57}},"48":{"start":{"line":204,"column":20},"end":{"line":218,"column":3}},"49":{"start":{"line":205,"column":4},"end":{"line":205,"column":29}},"50":{"start":{"line":205,"column":22},"end":{"line":205,"column":29}},"51":{"start":{"line":206,"column":4},"end":{"line":206,"column":24}},"52":{"start":{"line":207,"column":4},"end":{"line":217,"column":5}},"53":{"start":{"line":208,"column":6},"end":{"line":212,"column":9}},"54":{"start":{"line":214,"column":6},"end":{"line":214,"column":53}},"55":{"start":{"line":216,"column":6},"end":{"line":216,"column":27}},"56":{"start":{"line":220,"column":19},"end":{"line":222,"column":3}},"57":{"start":{"line":221,"column":4},"end":{"line":221,"column":63}},"58":{"start":{"line":221,"column":36},"end":{"line":221,"column":61}},"59":{"start":{"line":224,"column":28},"end":{"line":226,"column":3}},"60":{"start":{"line":225,"column":4},"end":{"line":225,"column":78}},"61":{"start":{"line":225,"column":49},"end":{"line":225,"column":76}},"62":{"start":{"line":228,"column":27},"end":{"line":243,"column":3}},"63":{"start":{"line":231,"column":4},"end":{"line":231,"column":39}},"64":{"start":{"line":231,"column":28},"end":{"line":231,"column":39}},"65":{"start":{"line":233,"column":4},"end":{"line":242,"column":5}},"66":{"start":{"line":235,"column":8},"end":{"line":235,"column":74}},"67":{"start":{"line":237,"column":8},"end":{"line":237,"column":69}},"68":{"start":{"line":239,"column":8},"end":{"line":239,"column":74}},"69":{"start":{"line":241,"column":8},"end":{"line":241,"column":34}},"70":{"start":{"line":245,"column":2},"end":{"line":254,"column":3}},"71":{"start":{"line":246,"column":4},"end":{"line":253,"column":6}},"72":{"start":{"line":256,"column":2},"end":{"line":424,"column":4}},"73":{"start":{"line":302,"column":10},"end":{"line":366,"column":17}},"74":{"start":{"line":312,"column":31},"end":{"line":312,"column":49}},"75":{"start":{"line":313,"column":33},"end":{"line":313,"column":56}},"76":{"start":{"line":315,"column":16},"end":{"line":363,"column":18}},"77":{"start":{"line":377,"column":16},"end":{"line":409,"column":23}},"78":{"start":{"line":404,"column":22},"end":{"line":406,"column":29}},"79":{"start":{"line":421,"column":55},"end":{"line":421,"column":84}}},"fnMap":{"0":{"name":"(anonymous_0)","decl":{"start":{"line":20,"column":27},"end":{"line":20,"column":28}},"loc":{"start":{"line":20,"column":33},"end":{"line":425,"column":1}},"line":20},"1":{"name":"(anonymous_1)","decl":{"start":{"line":121,"column":12},"end":{"line":121,"column":13}},"loc":{"start":{"line":121,"column":18},"end":{"line":123,"column":3}},"line":121},"2":{"name":"(anonymous_2)","decl":{"start":{"line":125,"column":37},"end":{"line":125,"column":38}},"loc":{"start":{"line":125,"column":49},"end":{"line":145,"column":3}},"line":125},"3":{"name":"(anonymous_3)","decl":{"start":{"line":147,"column":25},"end":{"line":147,"column":26}},"loc":{"start":{"line":147,"column":42},"end":{"line":164,"column":3}},"line":147},"4":{"name":"(anonymous_4)","decl":{"start":{"line":166,"column":24},"end":{"line":166,"column":25}},"loc":{"start":{"line":166,"column":41},"end":{"line":183,"column":3}},"line":166},"5":{"name":"(anonymous_5)","decl":{"start":{"line":185,"column":26},"end":{"line":185,"column":27}},"loc":{"start":{"line":185,"column":38},"end":{"line":202,"column":3}},"line":185},"6":{"name":"(anonymous_6)","decl":{"start":{"line":204,"column":20},"end":{"line":204,"column":21}},"loc":{"start":{"line":204,"column":32},"end":{"line":218,"column":3}},"line":204},"7":{"name":"(anonymous_7)","decl":{"start":{"line":220,"column":19},"end":{"line":220,"column":20}},"loc":{"start":{"line":220,"column":32},"end":{"line":222,"column":3}},"line":220},"8":{"name":"(anonymous_8)","decl":{"start":{"line":221,"column":27},"end":{"line":221,"column":28}},"loc":{"start":{"line":221,"column":36},"end":{"line":221,"column":61}},"line":221},"9":{"name":"(anonymous_9)","decl":{"start":{"line":224,"column":28},"end":{"line":224,"column":29}},"loc":{"start":{"line":224,"column":42},"end":{"line":226,"column":3}},"line":224},"10":{"name":"(anonymous_10)","decl":{"start":{"line":225,"column":40},"end":{"line":225,"column":41}},"loc":{"start":{"line":225,"column":49},"end":{"line":225,"column":76}},"line":225},"11":{"name":"(anonymous_11)","decl":{"start":{"line":228,"column":27},"end":{"line":228,"column":28}},"loc":{"start":{"line":228,"column":38},"end":{"line":243,"column":3}},"line":228},"12":{"name":"(anonymous_12)","decl":{"start":{"line":301,"column":58},"end":{"line":301,"column":59}},"loc":{"start":{"line":302,"column":10},"end":{"line":366,"column":17}},"line":302},"13":{"name":"(anonymous_13)","decl":{"start":{"line":311,"column":47},"end":{"line":311,"column":48}},"loc":{"start":{"line":311,"column":56},"end":{"line":364,"column":15}},"line":311},"14":{"name":"(anonymous_14)","decl":{"start":{"line":376,"column":43},"end":{"line":376,"column":44}},"loc":{"start":{"line":377,"column":16},"end":{"line":409,"column":23}},"line":377},"15":{"name":"(anonymous_15)","decl":{"start":{"line":403,"column":56},"end":{"line":403,"column":57}},"loc":{"start":{"line":404,"column":22},"end":{"line":406,"column":29}},"line":404},"16":{"name":"(anonymous_16)","decl":{"start":{"line":421,"column":49},"end":{"line":421,"column":50}},"loc":{"start":{"line":421,"column":55},"end":{"line":421,"column":84}},"line":421}},"branchMap":{"0":{"loc":{"start":{"line":129,"column":6},"end":{"line":132,"column":7}},"type":"if","locations":[{"start":{"line":129,"column":6},"end":{"line":132,"column":7}},{"start":{},"end":{}}],"line":129},"1":{"loc":{"start":{"line":157,"column":6},"end":{"line":160,"column":7}},"type":"if","locations":[{"start":{"line":157,"column":6},"end":{"line":160,"column":7}},{"start":{},"end":{}}],"line":157},"2":{"loc":{"start":{"line":159,"column":22},"end":{"line":159,"column":39}},"type":"binary-expr","locations":[{"start":{"line":159,"column":22},"end":{"line":159,"column":33}},{"start":{"line":159,"column":37},"end":{"line":159,"column":39}}],"line":159},"3":{"loc":{"start":{"line":176,"column":6},"end":{"line":179,"column":7}},"type":"if","locations":[{"start":{"line":176,"column":6},"end":{"line":179,"column":7}},{"start":{},"end":{}}],"line":176},"4":{"loc":{"start":{"line":178,"column":21},"end":{"line":178,"column":37}},"type":"binary-expr","locations":[{"start":{"line":178,"column":21},"end":{"line":178,"column":31}},{"start":{"line":178,"column":35},"end":{"line":178,"column":37}}],"line":178},"5":{"loc":{"start":{"line":195,"column":6},"end":{"line":198,"column":7}},"type":"if","locations":[{"start":{"line":195,"column":6},"end":{"line":198,"column":7}},{"start":{},"end":{}}],"line":195},"6":{"loc":{"start":{"line":197,"column":23},"end":{"line":197,"column":45}},"type":"binary-expr","locations":[{"start":{"line":197,"column":23},"end":{"li
[...]
,"/Users/faithng/healthninjanew/HealthNinja-frontend/components/HapticTab.tsx": {"path":"/Users/faithng/healthninjanew/HealthNinja-frontend/components/HapticTab.tsx","statementMap":{"0":{"start":{"line":6,"column":2},"end":{"line":17,"column":4}},"1":{"start":{"line":10,"column":8},"end":{"line":13,"column":9}},"2":{"start":{"line":12,"column":10},"end":{"line":12,"column":65}},"3":{"start":{"line":14,"column":8},"end":{"line":14,"column":30}}},"fnMap":{"0":{"name":"HapticTab","decl":{"start":{"line":5,"column":16},"end":{"line":5,"column":25}},"loc":{"start":{"line":5,"column":58},"end":{"line":18,"column":1}},"line":5},"1":{"name":"(anonymous_1)","decl":{"start":{"line":9,"column":17},"end":{"line":9,"column":18}},"loc":{"start":{"line":9,"column":25},"end":{"line":15,"column":7}},"line":9}},"branchMap":{"0":{"loc":{"start":{"line":10,"column":8},"end":{"line":13,"column":9}},"type":"if","locations":[{"start":{"line":10,"column":8},"end":{"line":13,"column":9}},{"start":{},"end":{}}],"line":10}},"s":{"0":0,"1":0,"2":0,"3":0},"f":{"0":0,"1":0},"b":{"0":[0,0]}}
,"/Users/faithng/healthninjanew/HealthNinja-frontend/components/HelloWave.tsx": {"path":"/Users/faithng/healthninjanew/HealthNinja-frontend/components/HelloWave.tsx","statementMap":{"0":{"start":{"line":14,"column":28},"end":{"line":14,"column":45}},"1":{"start":{"line":16,"column":2},"end":{"line":21,"column":26}},"2":{"start":{"line":17,"column":4},"end":{"line":20,"column":6}},"3":{"start":{"line":23,"column":24},"end":{"line":25,"column":5}},"4":{"start":{"line":23,"column":48},"end":{"line":25,"column":3}},"5":{"start":{"line":27,"column":2},"end":{"line":31,"column":4}},"6":{"start":{"line":34,"column":15},"end":{"line":40,"column":2}}},"fnMap":{"0":{"name":"HelloWave","decl":{"start":{"line":13,"column":16},"end":{"line":13,"column":25}},"loc":{"start":{"line":13,"column":28},"end":{"line":32,"column":1}},"line":13},"1":{"name":"(anonymous_1)","decl":{"start":{"line":16,"column":12},"end":{"line":16,"column":13}},"loc":{"start":{"line":16,"column":18},"end":{"line":21,"column":3}},"line":16},"2":{"name":"(anonymous_2)","decl":{"start":{"line":23,"column":41},"end":{"line":23,"column":42}},"loc":{"start":{"line":23,"column":48},"end":{"line":25,"column":3}},"line":23}},"branchMap":{},"s":{"0":0,"1":0,"2":0,"3":0,"4":0,"5":0,"6":0},"f":{"0":0,"1":0,"2":0},"b":{}}
,"/Users/faithng/healthninjanew/HealthNinja-frontend/components/ParallaxScrollView.tsx": {"path":"/Users/faithng/healthninjanew/HealthNinja-frontend/components/ParallaxScrollView.tsx","statementMap":{"0":{"start":{"line":14,"column":22},"end":{"line":14,"column":25}},"1":{"start":{"line":26,"column":22},"end":{"line":26,"column":49}},"2":{"start":{"line":27,"column":20},"end":{"line":27,"column":57}},"3":{"start":{"line":28,"column":23},"end":{"line":28,"column":53}},"4":{"start":{"line":29,"column":17},"end":{"line":29,"column":39}},"5":{"start":{"line":30,"column":30},"end":{"line":45,"column":4}},"6":{"start":{"line":31,"column":4},"end":{"line":44,"column":6}},"7":{"start":{"line":47,"column":2},"end":{"line":65,"column":4}},"8":{"start":{"line":68,"column":15},"end":{"line":82,"column":2}}},"fnMap":{"0":{"name":"ParallaxScrollView","decl":{"start":{"line":21,"column":24},"end":{"line":21,"column":42}},"loc":{"start":{"line":25,"column":10},"end":{"line":66,"column":1}},"line":25},"1":{"name":"(anonymous_1)","decl":{"start":{"line":30,"column":47},"end":{"line":30,"column":48}},"loc":{"start":{"line":30,"column":53},"end":{"line":45,"column":3}},"line":30}},"branchMap":{"0":{"loc":{"start":{"line":26,"column":22},"end":{"line":26,"column":49}},"type":"binary-expr","locations":[{"start":{"line":26,"column":22},"end":{"line":26,"column":38}},{"start":{"line":26,"column":42},"end":{"line":26,"column":49}}],"line":26}},"s":{"0":0,"1":0,"2":0,"3":0,"4":0,"5":0,"6":0,"7":0,"8":0},"f":{"0":0,"1":0},"b":{"0":[0,0]}}
,"/Users/faithng/healthninjanew/HealthNinja-frontend/components/ThemedText.tsx": {"path":"/Users/faithng/healthninjanew/HealthNinja-frontend/components/ThemedText.tsx","statementMap":{"0":{"start":{"line":18,"column":16},"end":{"line":18,"column":77}},"1":{"start":{"line":20,"column":2},"end":{"line":33,"column":4}},"2":{"start":{"line":36,"column":15},"end":{"line":60,"column":2}}},"fnMap":{"0":{"name":"ThemedText","decl":{"start":{"line":11,"column":16},"end":{"line":11,"column":26}},"loc":{"start":{"line":17,"column":20},"end":{"line":34,"column":1}},"line":17}},"branchMap":{"0":{"loc":{"start":{"line":15,"column":2},"end":{"line":15,"column":18}},"type":"default-arg","locations":[{"start":{"line":15,"column":9},"end":{"line":15,"column":18}}],"line":15},"1":{"loc":{"start":{"line":24,"column":8},"end":{"line":24,"column":55}},"type":"cond-expr","locations":[{"start":{"line":24,"column":29},"end":{"line":24,"column":43}},{"start":{"line":24,"column":46},"end":{"line":24,"column":55}}],"line":24},"2":{"loc":{"start":{"line":25,"column":8},"end":{"line":25,"column":51}},"type":"cond-expr","locations":[{"start":{"line":25,"column":27},"end":{"line":25,"column":39}},{"start":{"line":25,"column":42},"end":{"line":25,"column":51}}],"line":25},"3":{"loc":{"start":{"line":26,"column":8},"end":{"line":26,"column":71}},"type":"cond-expr","locations":[{"start":{"line":26,"column":37},"end":{"line":26,"column":59}},{"start":{"line":26,"column":62},"end":{"line":26,"column":71}}],"line":26},"4":{"loc":{"start":{"line":27,"column":8},"end":{"line":27,"column":57}},"type":"cond-expr","locations":[{"start":{"line":27,"column":30},"end":{"line":27,"column":45}},{"start":{"line":27,"column":48},"end":{"line":27,"column":57}}],"line":27},"5":{"loc":{"start":{"line":28,"column":8},"end":{"line":28,"column":49}},"type":"cond-expr","locations":[{"start":{"line":28,"column":26},"end":{"line":28,"column":37}},{"start":{"line":28,"column":40},"end":{"line":28,"column":49}}],"line":28}},"s":{"0":0,"1":0,"2":0},"f":{"0":0},"b":{"0":[0],"1":[0,0],"2":[0,0],"3":[0,0],"4":[0,0],"5":[0,0]}}
,"/Users/faithng/healthninjanew/HealthNinja-frontend/components/ThemedView.tsx": {"path":"/Users/faithng/healthninjanew/HealthNinja-frontend/components/ThemedView.tsx","statementMap":{"0":{"start":{"line":11,"column":26},"end":{"line":11,"column":93}},"1":{"start":{"line":13,"column":2},"end":{"line":13,"column":71}}},"fnMap":{"0":{"name":"ThemedView","decl":{"start":{"line":10,"column":16},"end":{"line":10,"column":26}},"loc":{"start":{"line":10,"column":93},"end":{"line":14,"column":1}},"line":10}},"branchMap":{},"s":{"0":0,"1":0},"f":{"0":0},"b":{}}
,"/Users/faithng/healthninjanew/HealthNinja-frontend/components/ui/IconSymbol.ios.tsx": {"path":"/Users/faithng/healthninjanew/HealthNinja-frontend/components/ui/IconSymbol.ios.tsx","statementMap":{"0":{"start":{"line":17,"column":2},"end":{"line":31,"column":4}}},"fnMap":{"0":{"name":"IconSymbol","decl":{"start":{"line":4,"column":16},"end":{"line":4,"column":26}},"loc":{"start":{"line":16,"column":3},"end":{"line":32,"column":1}},"line":16}},"branchMap":{"0":{"loc":{"start":{"line":6,"column":2},"end":{"line":6,"column":11}},"type":"default-arg","locations":[{"start":{"line":6,"column":9},"end":{"line":6,"column":11}}],"line":6},"1":{"loc":{"start":{"line":9,"column":2},"end":{"line":9,"column":20}},"type":"default-arg","locations":[{"start":{"line":9,"column":11},"end":{"line":9,"column":20}}],"line":9}},"s":{"0":0},"f":{"0":0},"b":{"0":[0],"1":[0]}}
,"/Users/faithng/healthninjanew/HealthNinja-frontend/components/ui/IconSymbol.tsx": {"path":"/Users/faithng/healthninjanew/HealthNinja-frontend/components/ui/IconSymbol.tsx","statementMap":{"0":{"start":{"line":16,"column":16},"end":{"line":21,"column":16}},"1":{"start":{"line":40,"column":2},"end":{"line":40,"column":88}}},"fnMap":{"0":{"name":"IconSymbol","decl":{"start":{"line":28,"column":16},"end":{"line":28,"column":26}},"loc":{"start":{"line":39,"column":3},"end":{"line":41,"column":1}},"line":39}},"branchMap":{"0":{"loc":{"start":{"line":30,"column":2},"end":{"line":30,"column":11}},"type":"default-arg","locations":[{"start":{"line":30,"column":9},"end":{"line":30,"column":11}}],"line":30}},"s":{"0":0,"1":0},"f":{"0":0},"b":{"0":[0]}}
,"/Users/faithng/healthninjanew/HealthNinja-frontend/components/ui/PrimaryButton.js": {"path":"/Users/faithng/healthninjanew/HealthNinja-frontend/components/ui/PrimaryButton.js","statementMap":{"0":{"start":{"line":4,"column":2},"end":{"line":4,"column":47}}},"fnMap":{"0":{"name":"PrimaryButton","decl":{"start":{"line":3,"column":24},"end":{"line":3,"column":37}},"loc":{"start":{"line":3,"column":45},"end":{"line":5,"column":1}},"line":3}},"branchMap":{},"s":{"0":0},"f":{"0":0},"b":{}}
,"/Users/faithng/healthninjanew/HealthNinja-frontend/components/ui/TabBarBackground.ios.tsx": {"path":"/Users/faithng/healthninjanew/HealthNinja-frontend/components/ui/TabBarBackground.ios.tsx","statementMap":{"0":{"start":{"line":6,"column":2},"end":{"line":14,"column":4}},"1":{"start":{"line":18,"column":2},"end":{"line":18,"column":33}}},"fnMap":{"0":{"name":"BlurTabBarBackground","decl":{"start":{"line":5,"column":24},"end":{"line":5,"column":44}},"loc":{"start":{"line":5,"column":47},"end":{"line":15,"column":1}},"line":5},"1":{"name":"useBottomTabOverflow","decl":{"start":{"line":17,"column":16},"end":{"line":17,"column":36}},"loc":{"start":{"line":17,"column":39},"end":{"line":19,"column":1}},"line":17}},"branchMap":{},"s":{"0":0,"1":0},"f":{"0":0,"1":0},"b":{}}
,"/Users/faithng/healthninjanew/HealthNinja-frontend/components/ui/TabBarBackground.tsx": {"path":"/Users/faithng/healthninjanew/HealthNinja-frontend/components/ui/TabBarBackground.tsx","statementMap":{"0":{"start":{"line":5,"column":2},"end":{"line":5,"column":11}}},"fnMap":{"0":{"name":"useBottomTabOverflow","decl":{"start":{"line":4,"column":16},"end":{"line":4,"column":36}},"loc":{"start":{"line":4,"column":39},"end":{"line":6,"column":1}},"line":4}},"branchMap":{},"s":{"0":0},"f":{"0":0},"b":{}}
,"/Users/faithng/healthninjanew/HealthNinja-frontend/constants/Colors.ts": {"path":"/Users/faithng/healthninjanew/HealthNinja-frontend/constants/Colors.ts","statementMap":{"0":{"start":{"line":6,"column":23},"end":{"line":6,"column":32}},"1":{"start":{"line":7,"column":22},"end":{"line":7,"column":28}},"2":{"start":{"line":9,"column":22},"end":{"line":26,"column":1}}},"fnMap":{},"branchMap":{},"s":{"0":0,"1":0,"2":0},"f":{},"b":{}}
,"/Users/faithng/healthninjanew/HealthNinja-frontend/hooks/useColorScheme.ts": {"path":"/Users/faithng/healthninjanew/HealthNinja-frontend/hooks/useColorScheme.ts","statementMap":{},"fnMap":{},"branchMap":{},"s":{},"f":{},"b":{}}
,"/Users/faithng/healthninjanew/HealthNinja-frontend/hooks/useColorScheme.web.ts": {"path":"/Users/faithng/healthninjanew/HealthNinja-frontend/hooks/useColorScheme.web.ts","statementMap":{"0":{"start":{"line":8,"column":40},"end":{"line":8,"column":55}},"1":{"start":{"line":10,"column":2},"end":{"line":12,"column":9}},"2":{"start":{"line":11,"column":4},"end":{"line":11,"column":25}},"3":{"start":{"line":14,"column":22},"end":{"line":14,"column":40}},"4":{"start":{"line":16,"column":2},"end":{"line":18,"column":3}},"5":{"start":{"line":17,"column":4},"end":{"line":17,"column":23}},"6":{"start":{"line":20,"column":2},"end":{"line":20,"column":17}}},"fnMap":{"0":{"name":"useColorScheme","decl":{"start":{"line":7,"column":16},"end":{"line":7,"column":30}},"loc":{"start":{"line":7,"column":33},"end":{"line":21,"column":1}},"line":7},"1":{"name":"(anonymous_1)","decl":{"start":{"line":10,"column":12},"end":{"line":10,"column":13}},"loc":{"start":{"line":10,"column":18},"end":{"line":12,"column":3}},"line":10}},"branchMap":{"0":{"loc":{"start":{"line":16,"column":2},"end":{"line":18,"column":3}},"type":"if","locations":[{"start":{"line":16,"column":2},"end":{"line":18,"column":3}},{"start":{},"end":{}}],"line":16}},"s":{"0":0,"1":0,"2":0,"3":0,"4":0,"5":0,"6":0},"f":{"0":0,"1":0},"b":{"0":[0,0]}}
,"/Users/faithng/healthninjanew/HealthNinja-frontend/hooks/useThemeColor.ts": {"path":"/Users/faithng/healthninjanew/HealthNinja-frontend/hooks/useThemeColor.ts","statementMap":{"0":{"start":{"line":13,"column":16},"end":{"line":13,"column":43}},"1":{"start":{"line":14,"column":25},"end":{"line":14,"column":37}},"2":{"start":{"line":16,"column":2},"end":{"line":20,"column":3}},"3":{"start":{"line":17,"column":4},"end":{"line":17,"column":26}},"4":{"start":{"line":19,"column":4},"end":{"line":19,"column":36}}},"fnMap":{"0":{"name":"useThemeColor","decl":{"start":{"line":9,"column":16},"end":{"line":9,"column":29}},"loc":{"start":{"line":12,"column":2},"end":{"line":21,"column":1}},"line":12}},"branchMap":{"0":{"loc":{"start":{"line":13,"column":16},"end":{"line":13,"column":43}},"type":"binary-expr","locations":[{"start":{"line":13,"column":16},"end":{"line":13,"column":32}},{"start":{"line":13,"column":36},"end":{"line":13,"column":43}}],"line":13},"1":{"loc":{"start":{"line":16,"column":2},"end":{"line":20,"column":3}},"type":"if","locations":[{"start":{"line":16,"column":2},"end":{"line":20,"column":3}},{"start":{"line":18,"column":9},"end":{"line":20,"column":3}}],"line":16}},"s":{"0":0,"1":0,"2":0,"3":0,"4":0},"f":{"0":0},"b":{"0":[0,0],"1":[0,0]}}
,"/Users/faithng/healthninjanew/HealthNinja-frontend/scripts/reset-project.js": {"path":"/Users/faithng/healthninjanew/HealthNinja-frontend/scripts/reset-project.js","statementMap":{"0":{"start":{"line":9,"column":11},"end":{"line":9,"column":24}},"1":{"start":{"line":10,"column":13},"end":{"line":10,"column":28}},"2":{"start":{"line":11,"column":17},"end":{"line":11,"column":36}},"3":{"start":{"line":13,"column":13},"end":{"line":13,"column":26}},"4":{"start":{"line":14,"column":16},"end":{"line":14,"column":70}},"5":{"start":{"line":15,"column":19},"end":{"line":15,"column":32}},"6":{"start":{"line":16,"column":18},"end":{"line":16,"column":23}},"7":{"start":{"line":17,"column":23},"end":{"line":17,"column":50}},"8":{"start":{"line":19,"column":21},"end":{"line":34,"column":1}},"9":{"start":{"line":36,"column":22},"end":{"line":41,"column":1}},"10":{"start":{"line":43,"column":11},"end":{"line":46,"column":2}},"11":{"start":{"line":48,"column":24},"end":{"line":99,"column":1}},"12":{"start":{"line":49,"column":2},"end":{"line":98,"column":3}},"13":{"start":{"line":50,"column":4},"end":{"line":54,"column":5}},"14":{"start":{"line":52,"column":6},"end":{"line":52,"column":67}},"15":{"start":{"line":53,"column":6},"end":{"line":53,"column":58}},"16":{"start":{"line":57,"column":4},"end":{"line":71,"column":5}},"17":{"start":{"line":58,"column":25},"end":{"line":58,"column":45}},"18":{"start":{"line":59,"column":6},"end":{"line":70,"column":7}},"19":{"start":{"line":60,"column":8},"end":{"line":67,"column":9}},"20":{"start":{"line":61,"column":29},"end":{"line":61,"column":61}},"21":{"start":{"line":62,"column":10},"end":{"line":62,"column":59}},"22":{"start":{"line":63,"column":10},"end":{"line":63,"column":68}},"23":{"start":{"line":65,"column":10},"end":{"line":65,"column":77}},"24":{"start":{"line":66,"column":10},"end":{"line":66,"column":44}},"25":{"start":{"line":69,"column":8},"end":{"line":69,"column":60}},"26":{"start":{"line":74,"column":26},"end":{"line":74,"column":52}},"27":{"start":{"line":75,"column":4},"end":{"line":75,"column":64}},"28":{"start":{"line":76,"column":4},"end":{"line":76,"column":52}},"29":{"start":{"line":79,"column":22},"end":{"line":79,"column":59}},"30":{"start":{"line":80,"column":4},"end":{"line":80,"column":57}},"31":{"start":{"line":81,"column":4},"end":{"line":81,"column":45}},"32":{"start":{"line":84,"column":23},"end":{"line":84,"column":62}},"33":{"start":{"line":85,"column":4},"end":{"line":85,"column":59}},"34":{"start":{"line":86,"column":4},"end":{"line":86,"column":47}},"35":{"start":{"line":88,"column":4},"end":{"line":88,"column":59}},"36":{"start":{"line":89,"column":4},"end":{"line":95,"column":6}},"37":{"start":{"line":97,"column":4},"end":{"line":97,"column":71}},"38":{"start":{"line":101,"column":0},"end":{"line":112,"column":2}},"39":{"start":{"line":104,"column":22},"end":{"line":104,"column":56}},"40":{"start":{"line":105,"column":4},"end":{"line":110,"column":5}},"41":{"start":{"line":106,"column":6},"end":{"line":106,"column":59}},"42":{"start":{"line":106,"column":47},"end":{"line":106,"column":57}},"43":{"start":{"line":108,"column":6},"end":{"line":108,"column":63}},"44":{"start":{"line":109,"column":6},"end":{"line":109,"column":17}}},"fnMap":{"0":{"name":"(anonymous_0)","decl":{"start":{"line":48,"column":24},"end":{"line":48,"column":25}},"loc":{"start":{"line":48,"column":45},"end":{"line":99,"column":1}},"line":48},"1":{"name":"(anonymous_1)","decl":{"start":{"line":103,"column":2},"end":{"line":103,"column":3}},"loc":{"start":{"line":103,"column":14},"end":{"line":111,"column":3}},"line":103},"2":{"name":"(anonymous_2)","decl":{"start":{"line":106,"column":41},"end":{"line":106,"column":42}},"loc":{"start":{"line":106,"column":47},"end":{"line":106,"column":57}},"line":106}},"branchMap":{"0":{"loc":{"start":{"line":50,"column":4},"end":{"line":54,"column":5}},"type":"if","locations":[{"start":{"line":50,"column":4},"end":{"line":54,"column":5}},{"start":{},"end":{}}],"line":50},"1":{"loc":{"start":{"line":59,"column":6},"end":{"line":70,"column":7}},"type":"if","locations":[{"start":{"line":59,"column":6},"end":{"line":70,"column":7}},{"start":{"line":68,"column":13},"end":{"line":70,"column":7}}],"line":59},"2":{"loc":{"start":{"line":60,"column":8},"end":{"line":67,"column":9}},"type":"if","locations":[{"start":{"line":60,"column":8},"end":{"line":67,"column":9}},{"start":{"line":64,"column":15},"end":{"line":67,"column":9}}],"line":60},"3":{"loc":{"start":{"line":91,"column":8},"end":{"line":93,"column":14}},"type":"cond-expr","locations":[{"start":{"line":92,"column":12},"end":{"line":92,"column":87}},{"start":{"line":93,"column":12},"end":{"line":93,"column":14}}],"line":91},"4":{"loc":{"start":{"line":104,"column":22},"end":{"line":104,"column":56}},"type":"binary-expr","locations":[{"start":{"line":104,"column":22},"end":{"line":104,"column":49}},{"start":{"line":104,"column":53},"end":{"line":104,"column":56}}],"line":104},"5":{"loc":{"start":{"line":105,"column":4},"end":{"line":110,"column":5}},"type":"if","locations":[{"start":{"line":105,"column":4},"end":{"line":110,"column":5}},{"start":{"line":107,"column":11},"end":{"line":110,"column":5}}],"line":105},"6":{"loc":{"start":{"line":105,"column":8},"end":{"line":105,"column":46}},"type":"binary-expr","locations":[{"start":{"line":105,"column":8},"end":{"line":105,"column":25}},{"start":{"line":105,"column":29},"end":{"line":105,"column":46}}],"line":105}},"s":{"0":0,"1":0,"2":0,"3":0,"4":0,"5":0,"6":0,"7":0,"8":0,"9":0,"10":0,"11":0,"12":0,"13":0,"14":0,"15":0,"16":0,"17":0,"18":0,"19":0,"20":0,"21":0,"22":0,"23":0,"24":0,"25":0,"26":0,"27":0,"28":0,"29":0,"30":0,"31":0,"32":0,"33":0,"34":0,"35":0,"36":0,"37":0,"38":0,"39":0,"40":0,"41":0,"42":0,"43":0,"44":0},"f":{"0":0,"1":0,"2":0},"b":{"0":[0,0],"1":[0,0],"2":[0,0],"3":[0,0],"4":[0,0],"5":[0,0],"6":[0,0]}}
}
