TN:
SF:App.tsx
FN:6,App
FNF:1
FNH:0
FNDA:0,App
DA:7,0
LF:1
LH:0
BRF:0
BRH:0
end_of_record
TN:
SF:app.config.js
FNF:0
FNH:0
LF:0
LH:0
BRF:0
BRH:0
end_of_record
TN:
SF:babel.config.js
FNF:0
FNH:0
DA:1,0
LF:1
LH:0
BRF:0
BRH:0
end_of_record
TN:
SF:eslint.config.js
FNF:0
FNH:0
DA:2,0
DA:3,0
DA:5,0
LF:3
LH:0
BRF:0
BRH:0
end_of_record
TN:
SF:expo-env.d.ts
FNF:0
FNH:0
LF:0
LH:0
BRF:0
BRH:0
end_of_record
TN:
SF:jest.config.js
FNF:0
FNH:0
DA:1,0
LF:1
LH:0
BRF:0
BRH:0
end_of_record
TN:
SF:test-expo.js
FNF:0
FNH:0
DA:3,0
DA:5,0
LF:2
LH:0
BRF:0
BRH:0
end_of_record
TN:
SF:.expo/types/router.d.ts
FNF:0
FNH:0
LF:0
LH:0
BRF:0
BRH:0
end_of_record
TN:
SF:api/authService.js
FN:7,(anonymous_0)
FN:19,(anonymous_1)
FN:40,(anonymous_2)
FN:48,(anonymous_3)
FNF:4
FNH:0
FNDA:0,(anonymous_0)
FNDA:0,(anonymous_1)
FNDA:0,(anonymous_2)
FNDA:0,(anonymous_3)
DA:5,0
DA:7,0
DA:8,0
DA:9,0
DA:10,0
DA:12,0
DA:13,0
DA:15,0
DA:19,0
DA:20,0
DA:23,0
DA:28,0
DA:29,0
DA:30,0
DA:31,0
DA:33,0
DA:36,0
DA:40,0
DA:41,0
DA:42,0
DA:44,0
DA:45,0
DA:48,0
DA:49,0
DA:50,0
LF:25
LH:0
BRDA:12,0,0,0
BRDA:12,0,1,0
BRDA:12,1,0,0
BRDA:12,1,1,0
BRDA:13,2,0,0
BRDA:13,2,1,0
BRDA:15,3,0,0
BRDA:15,3,1,0
BRDA:28,4,0,0
BRDA:28,4,1,0
BRDA:36,5,0,0
BRDA:36,5,1,0
BRDA:44,6,0,0
BRDA:44,6,1,0
BRDA:44,7,0,0
BRDA:44,7,1,0
BRF:16
BRH:0
end_of_record
TN:
SF:api/commentService.js
FN:4,(anonymous_0)
FN:22,(anonymous_1)
FNF:2
FNH:0
FNDA:0,(anonymous_0)
FNDA:0,(anonymous_1)
DA:2,0
DA:4,0
DA:5,0
DA:14,0
DA:15,0
DA:16,0
DA:19,0
DA:22,0
DA:23,0
DA:30,0
DA:31,0
DA:32,0
DA:35,0
LF:13
LH:0
BRDA:14,0,0,0
BRDA:14,0,1,0
BRDA:16,1,0,0
BRDA:16,1,1,0
BRDA:30,2,0,0
BRDA:30,2,1,0
BRF:6
BRH:0
end_of_record
TN:
SF:api/logMealService.js
FN:5,(anonymous_0)
FN:25,(anonymous_1)
FN:44,(anonymous_2)
FNF:3
FNH:0
FNDA:0,(anonymous_0)
FNDA:0,(anonymous_1)
FNDA:0,(anonymous_2)
DA:3,0
DA:5,0
DA:6,0
DA:8,0
DA:17,0
DA:18,0
DA:19,0
DA:22,0
DA:25,0
DA:26,0
DA:28,0
DA:36,0
DA:37,0
DA:38,0
DA:41,0
DA:44,0
DA:45,0
DA:46,0
DA:48,0
DA:49,0
DA:51,0
DA:59,0
DA:61,0
DA:62,0
DA:63,0
DA:65,0
DA:66,0
DA:67,0
DA:68,0
DA:70,0
DA:73,0
DA:76,0
DA:77,0
DA:78,0
DA:80,0
DA:81,0
LF:36
LH:0
BRDA:17,0,0,0
BRDA:17,0,1,0
BRDA:36,1,0,0
BRDA:36,1,1,0
BRDA:49,2,0,0
BRDA:49,2,1,0
BRDA:61,3,0,0
BRDA:61,3,1,0
BRDA:68,4,0,0
BRDA:68,4,1,0
BRDA:68,4,2,0
BRDA:70,5,0,0
BRDA:70,5,1,0
BRF:13
BRH:0
end_of_record
TN:
SF:api/postService.js
FN:6,(anonymous_0)
FN:12,(anonymous_1)
FN:20,(anonymous_2)
FN:24,(anonymous_3)
FN:54,(anonymous_4)
FN:72,(anonymous_5)
FNF:6
FNH:0
FNDA:0,(anonymous_0)
FNDA:0,(anonymous_1)
FNDA:0,(anonymous_2)
FNDA:0,(anonymous_3)
FNDA:0,(anonymous_4)
FNDA:0,(anonymous_5)
DA:4,0
DA:6,0
DA:7,0
DA:8,0
DA:9,0
DA:12,0
DA:13,0
DA:14,0
DA:15,0
DA:17,0
DA:20,0
DA:21,0
DA:23,0
DA:24,0
DA:26,0
DA:27,0
DA:37,0
DA:39,0
DA:40,0
DA:41,0
DA:44,0
DA:46,0
DA:47,0
DA:48,0
DA:50,0
DA:54,0
DA:55,0
DA:57,0
DA:64,0
DA:65,0
DA:66,0
DA:69,0
DA:72,0
DA:73,0
DA:74,0
DA:75,0
DA:76,0
DA:78,0
LF:38
LH:0
BRDA:8,0,0,0
BRDA:8,0,1,0
BRDA:14,1,0,0
BRDA:14,1,1,0
BRDA:39,2,0,0
BRDA:39,2,1,0
BRDA:47,3,0,0
BRDA:47,3,1,0
BRDA:64,4,0,0
BRDA:64,4,1,0
BRF:10
BRH:0
end_of_record
TN:
SF:api/sleepService.js
FN:8,(anonymous_0)
FN:31,(anonymous_1)
FN:93,(anonymous_2)
FN:136,(anonymous_3)
FN:158,(anonymous_4)
FN:169,(anonymous_5)
FN:179,(anonymous_6)
FNF:7
FNH:0
FNDA:0,(anonymous_0)
FNDA:0,(anonymous_1)
FNDA:0,(anonymous_2)
FNDA:0,(anonymous_3)
FNDA:0,(anonymous_4)
FNDA:0,(anonymous_5)
FNDA:0,(anonymous_6)
DA:3,0
DA:9,0
DA:10,0
DA:18,0
DA:19,0
DA:22,0
DA:23,0
DA:25,0
DA:26,0
DA:32,0
DA:33,0
DA:35,0
DA:36,0
DA:38,0
DA:42,0
DA:44,0
DA:53,0
DA:54,0
DA:57,0
DA:59,0
DA:60,0
DA:62,0
DA:65,0
DA:66,0
DA:67,0
DA:70,0
DA:73,0
DA:76,0
DA:77,0
DA:78,0
DA:81,0
DA:84,0
DA:85,0
DA:88,0
DA:94,0
DA:95,0
DA:97,0
DA:98,0
DA:100,0
DA:109,0
DA:111,0
DA:112,0
DA:113,0
DA:115,0
DA:116,0
DA:117,0
DA:118,0
DA:120,0
DA:123,0
DA:126,0
DA:127,0
DA:128,0
DA:130,0
DA:131,0
DA:137,0
DA:138,0
DA:146,0
DA:147,0
DA:150,0
DA:152,0
DA:153,0
DA:159,0
DA:160,0
DA:161,0
DA:163,0
DA:164,0
DA:170,0
DA:171,0
DA:172,0
DA:174,0
DA:175,0
DA:180,0
DA:182,0
DA:183,0
DA:185,0
DA:186,0
LF:76
LH:0
BRDA:18,0,0,0
BRDA:18,0,1,0
BRDA:36,1,0,0
BRDA:36,1,1,0
BRDA:57,2,0,0
BRDA:57,2,1,0
BRDA:67,3,0,0
BRDA:67,3,1,0
BRDA:67,3,2,0
BRDA:70,4,0,0
BRDA:70,4,1,0
BRDA:84,5,0,0
BRDA:84,5,1,0
BRDA:84,6,0,0
BRDA:84,6,1,0
BRDA:98,7,0,0
BRDA:98,7,1,0
BRDA:111,8,0,0
BRDA:111,8,1,0
BRDA:118,9,0,0
BRDA:118,9,1,0
BRDA:118,9,2,0
BRDA:120,10,0,0
BRDA:120,10,1,0
BRDA:146,11,0,0
BRDA:146,11,1,0
BRF:26
BRH:0
end_of_record
TN:
SF:api/stepTrackerService.js
FN:7,(anonymous_0)
FN:26,(anonymous_1)
FN:69,(anonymous_2)
FN:71,(anonymous_3)
FN:74,(anonymous_4)
FN:78,logSteps
FNF:6
FNH:0
FNDA:0,(anonymous_0)
FNDA:0,(anonymous_1)
FNDA:0,(anonymous_2)
FNDA:0,(anonymous_3)
FNDA:0,(anonymous_4)
FNDA:0,logSteps
DA:5,0
DA:7,0
DA:8,0
DA:9,0
DA:10,0
DA:19,0
DA:20,0
DA:22,0
DA:26,0
DA:27,0
DA:28,0
DA:29,0
DA:34,0
DA:35,0
DA:36,0
DA:41,0
DA:42,0
DA:44,0
DA:48,0
DA:49,0
DA:53,0
DA:54,0
DA:55,0
DA:56,0
DA:60,0
DA:63,0
DA:64,0
DA:69,0
DA:70,0
DA:71,0
DA:74,0
DA:75,0
DA:79,0
DA:80,0
DA:81,0
DA:93,0
DA:94,0
DA:97,0
DA:98,0
DA:100,0
DA:101,0
DA:103,0
DA:106,0
DA:107,0
LF:44
LH:0
BRDA:19,0,0,0
BRDA:19,0,1,0
BRDA:34,1,0,0
BRDA:34,1,1,0
BRDA:48,2,0,0
BRDA:48,2,1,0
BRDA:49,3,0,0
BRDA:49,3,1,0
BRDA:54,4,0,0
BRDA:54,4,1,0
BRDA:60,5,0,0
BRDA:60,5,1,0
BRDA:71,6,0,0
BRDA:71,6,1,0
BRDA:93,7,0,0
BRDA:93,7,1,0
BRDA:98,8,0,0
BRDA:98,8,1,0
BRF:18
BRH:0
end_of_record
TN:
SF:app/_layout.js
FN:3,RootLayout
FNF:1
FNH:0
FNDA:0,RootLayout
DA:4,0
LF:1
LH:0
BRF:0
BRH:0
end_of_record
TN:
SF:app/login.js
FN:7,LoginScreen
FN:13,(anonymous_1)
FN:160,(anonymous_2)
FNF:3
FNH:0
FNDA:0,LoginScreen
FNDA:0,(anonymous_1)
FNDA:0,(anonymous_2)
DA:8,0
DA:9,0
DA:10,0
DA:11,0
DA:13,0
DA:14,0
DA:15,0
DA:16,0
DA:19,0
DA:20,0
DA:21,0
DA:22,0
DA:23,0
DA:25,0
DA:27,0
DA:31,0
DA:160,0
LF:17
LH:0
BRDA:14,0,0,0
BRDA:14,0,1,0
BRDA:14,1,0,0
BRDA:14,1,1,0
BRDA:25,2,0,0
BRDA:25,2,1,0
BRDA:33,3,0,0
BRDA:33,3,1,0
BRDA:133,4,0,0
BRDA:133,4,1,0
BRDA:141,5,0,0
BRDA:141,5,1,0
BRDA:149,6,0,0
BRDA:149,6,1,0
BRF:14
BRH:0
end_of_record
TN:
SF:app/signup.js
FN:6,SignupScreen
FN:13,(anonymous_1)
FN:188,(anonymous_2)
FNF:3
FNH:0
FNDA:0,SignupScreen
FNDA:0,(anonymous_1)
FNDA:0,(anonymous_2)
DA:7,0
DA:8,0
DA:9,0
DA:10,0
DA:11,0
DA:13,0
DA:14,0
DA:15,0
DA:16,0
DA:19,0
DA:20,0
DA:21,0
DA:24,0
DA:25,0
DA:26,0
DA:29,0
DA:30,0
DA:31,0
DA:32,0
DA:34,0
DA:36,0
DA:40,0
DA:188,0
LF:23
LH:0
BRDA:14,0,0,0
BRDA:14,0,1,0
BRDA:14,1,0,0
BRDA:14,1,1,0
BRDA:14,1,2,0
BRDA:19,2,0,0
BRDA:19,2,1,0
BRDA:24,3,0,0
BRDA:24,3,1,0
BRDA:34,4,0,0
BRDA:34,4,1,0
BRDA:34,4,2,0
BRDA:42,5,0,0
BRDA:42,5,1,0
BRDA:161,6,0,0
BRDA:161,6,1,0
BRDA:169,7,0,0
BRDA:169,7,1,0
BRDA:177,8,0,0
BRDA:177,8,1,0
BRF:20
BRH:0
end_of_record
TN:
SF:app/community/CommunityScreen.js
FN:8,CommunityScreen
FN:13,(anonymous_1)
FN:27,(anonymous_2)
FN:172,(anonymous_3)
FN:176,(anonymous_4)
FN:177,(anonymous_5)
FN:177,(anonymous_6)
FN:179,(anonymous_7)
FN:180,(anonymous_8)
FN:181,(anonymous_9)
FN:186,(anonymous_10)
FN:187,(anonymous_11)
FN:188,(anonymous_12)
FN:214,(anonymous_13)
FNF:14
FNH:0
FNDA:0,CommunityScreen
FNDA:0,(anonymous_1)
FNDA:0,(anonymous_2)
FNDA:0,(anonymous_3)
FNDA:0,(anonymous_4)
FNDA:0,(anonymous_5)
FNDA:0,(anonymous_6)
FNDA:0,(anonymous_7)
FNDA:0,(anonymous_8)
FNDA:0,(anonymous_9)
FNDA:0,(anonymous_10)
FNDA:0,(anonymous_11)
FNDA:0,(anonymous_12)
FNDA:0,(anonymous_13)
DA:9,0
DA:10,0
DA:11,0
DA:13,0
DA:14,0
DA:15,0
DA:16,0
DA:17,0
DA:18,0
DA:20,0
DA:21,0
DA:23,0
DA:27,0
DA:28,0
DA:31,0
DA:33,0
DA:173,0
DA:177,0
DA:180,0
DA:181,0
DA:182,0
DA:187,0
DA:188,0
DA:189,0
DA:214,0
LF:25
LH:0
BRDA:127,0,0,0
BRDA:127,0,1,0
BRDA:140,1,0,0
BRDA:140,1,1,0
BRDA:145,2,0,0
BRDA:145,2,1,0
BRDA:182,3,0,0
BRDA:182,3,1,0
BRDA:189,4,0,0
BRDA:189,4,1,0
BRF:10
BRH:0
end_of_record
TN:
SF:app/community/CommunityStyles.js
FNF:0
FNH:0
LF:0
LH:0
BRF:0
BRH:0
end_of_record
TN:
SF:app/community/CreatePostForm.js
FN:6,CreatePostForm
FN:11,(anonymous_1)
FN:12,(anonymous_2)
FN:23,(anonymous_3)
FNF:4
FNH:0
FNDA:0,CreatePostForm
FNDA:0,(anonymous_1)
FNDA:0,(anonymous_2)
FNDA:0,(anonymous_3)
DA:7,0
DA:8,0
DA:9,0
DA:11,0
DA:12,0
DA:13,0
DA:14,0
DA:15,0
DA:17,0
DA:20,0
DA:23,0
DA:24,0
DA:25,0
DA:26,0
DA:29,0
DA:30,0
DA:32,0
DA:33,0
DA:34,0
DA:35,0
DA:37,0
DA:38,0
DA:39,0
DA:42,0
DA:43,0
DA:44,0
DA:46,0
DA:47,0
DA:48,0
DA:51,0
DA:52,0
DA:57,0
DA:59,0
DA:63,0
DA:84,0
LF:35
LH:0
BRDA:24,0,0,0
BRDA:24,0,1,0
BRDA:35,1,0,0
BRDA:35,1,1,0
BRDA:37,2,0,0
BRDA:37,2,1,0
BRDA:57,3,0,0
BRDA:57,3,1,0
BRDA:75,4,0,0
BRDA:75,4,1,0
BRDA:77,5,0,0
BRDA:77,5,1,0
BRF:12
BRH:0
end_of_record
TN:
SF:app/community/post.js
FN:11,Post
FN:17,(anonymous_1)
FN:18,(anonymous_2)
FN:25,(anonymous_3)
FN:29,(anonymous_4)
FN:60,(anonymous_5)
FN:70,(anonymous_6)
FN:79,(anonymous_7)
FN:115,(anonymous_8)
FN:131,(anonymous_9)
FNF:10
FNH:0
FNDA:0,Post
FNDA:0,(anonymous_1)
FNDA:0,(anonymous_2)
FNDA:0,(anonymous_3)
FNDA:0,(anonymous_4)
FNDA:0,(anonymous_5)
FNDA:0,(anonymous_6)
FNDA:0,(anonymous_7)
FNDA:0,(anonymous_8)
FNDA:0,(anonymous_9)
DA:9,0
DA:12,0
DA:13,0
DA:14,0
DA:15,0
DA:17,0
DA:18,0
DA:19,0
DA:20,0
DA:22,0
DA:25,0
DA:26,0
DA:29,0
DA:30,0
DA:32,0
DA:33,0
DA:34,0
DA:35,0
DA:36,0
DA:37,0
DA:38,0
DA:41,0
DA:43,0
DA:49,0
DA:50,0
DA:52,0
DA:54,0
DA:56,0
DA:60,0
DA:61,0
DA:62,0
DA:63,0
DA:64,0
DA:65,0
DA:68,0
DA:70,0
DA:71,0
DA:73,0
DA:75,0
DA:79,0
DA:80,0
DA:81,0
DA:82,0
DA:83,0
DA:84,0
DA:87,0
DA:88,0
DA:89,0
DA:91,0
DA:95,0
DA:116,0
DA:131,0
LF:52
LH:0
BRDA:26,0,0,0
BRDA:26,0,1,0
BRDA:30,1,0,0
BRDA:30,1,1,0
BRDA:35,2,0,0
BRDA:35,2,1,0
BRDA:45,3,0,0
BRDA:45,3,1,0
BRDA:46,4,0,0
BRDA:46,4,1,0
BRDA:52,5,0,0
BRDA:52,5,1,0
BRDA:54,6,0,0
BRDA:54,6,1,0
BRDA:63,7,0,0
BRDA:63,7,1,0
BRDA:73,8,0,0
BRDA:73,8,1,0
BRDA:75,9,0,0
BRDA:75,9,1,0
BRDA:82,10,0,0
BRDA:82,10,1,0
BRDA:89,11,0,0
BRDA:89,11,1,0
BRDA:91,12,0,0
BRDA:91,12,1,0
BRDA:98,13,0,0
BRDA:98,13,1,0
BRDA:100,14,0,0
BRDA:100,14,1,0
BRDA:101,15,0,0
BRDA:101,15,1,0
BRDA:107,16,0,0
BRDA:107,16,1,0
BRDA:116,17,0,0
BRDA:116,17,1,0
BRDA:118,18,0,0
BRDA:118,18,1,0
BRDA:120,19,0,0
BRDA:120,19,1,0
BRDA:121,20,0,0
BRDA:121,20,1,0
BRDA:126,21,0,0
BRDA:126,21,1,0
BRDA:149,22,0,0
BRDA:149,22,1,0
BRDA:151,23,0,0
BRDA:151,23,1,0
BRF:48
BRH:0
end_of_record
TN:
SF:app/gamification/GamificationScreen.js
FN:20,(anonymous_0)
FN:121,(anonymous_1)
FN:125,(anonymous_2)
FN:147,(anonymous_3)
FN:166,(anonymous_4)
FN:185,(anonymous_5)
FN:204,(anonymous_6)
FN:220,(anonymous_7)
FN:221,(anonymous_8)
FN:224,(anonymous_9)
FN:225,(anonymous_10)
FN:228,(anonymous_11)
FN:301,(anonymous_12)
FN:311,(anonymous_13)
FN:376,(anonymous_14)
FN:403,(anonymous_15)
FN:421,(anonymous_16)
FNF:17
FNH:0
FNDA:0,(anonymous_0)
FNDA:0,(anonymous_1)
FNDA:0,(anonymous_2)
FNDA:0,(anonymous_3)
FNDA:0,(anonymous_4)
FNDA:0,(anonymous_5)
FNDA:0,(anonymous_6)
FNDA:0,(anonymous_7)
FNDA:0,(anonymous_8)
FNDA:0,(anonymous_9)
FNDA:0,(anonymous_10)
FNDA:0,(anonymous_11)
FNDA:0,(anonymous_12)
FNDA:0,(anonymous_13)
FNDA:0,(anonymous_14)
FNDA:0,(anonymous_15)
FNDA:0,(anonymous_16)
DA:18,0
DA:20,0
DA:21,0
DA:22,0
DA:23,0
DA:24,0
DA:25,0
DA:26,0
DA:27,0
DA:30,0
DA:121,0
DA:122,0
DA:125,0
DA:126,0
DA:127,0
DA:128,0
DA:129,0
DA:130,0
DA:131,0
DA:133,0
DA:134,0
DA:140,0
DA:141,0
DA:143,0
DA:147,0
DA:148,0
DA:149,0
DA:150,0
DA:157,0
DA:158,0
DA:159,0
DA:162,0
DA:166,0
DA:167,0
DA:168,0
DA:169,0
DA:176,0
DA:177,0
DA:178,0
DA:181,0
DA:185,0
DA:186,0
DA:187,0
DA:188,0
DA:195,0
DA:196,0
DA:197,0
DA:200,0
DA:204,0
DA:205,0
DA:206,0
DA:207,0
DA:208,0
DA:214,0
DA:216,0
DA:220,0
DA:221,0
DA:224,0
DA:225,0
DA:228,0
DA:231,0
DA:233,0
DA:235,0
DA:237,0
DA:239,0
DA:241,0
DA:245,0
DA:246,0
DA:256,0
DA:302,0
DA:312,0
DA:313,0
DA:315,0
DA:377,0
DA:404,0
DA:421,0
LF:76
LH:0
BRDA:129,0,0,0
BRDA:129,0,1,0
BRDA:157,1,0,0
BRDA:157,1,1,0
BRDA:159,2,0,0
BRDA:159,2,1,0
BRDA:176,3,0,0
BRDA:176,3,1,0
BRDA:178,4,0,0
BRDA:178,4,1,0
BRDA:195,5,0,0
BRDA:195,5,1,0
BRDA:197,6,0,0
BRDA:197,6,1,0
BRDA:205,7,0,0
BRDA:205,7,1,0
BRDA:231,8,0,0
BRDA:231,8,1,0
BRDA:233,9,0,0
BRDA:233,9,1,0
BRDA:233,9,2,0
BRDA:233,9,3,0
BRDA:235,10,0,0
BRDA:235,10,1,0
BRDA:237,11,0,0
BRDA:237,11,1,0
BRDA:239,12,0,0
BRDA:239,12,1,0
BRDA:239,13,0,0
BRDA:239,13,1,0
BRDA:245,14,0,0
BRDA:245,14,1,0
BRDA:304,15,0,0
BRDA:304,15,1,0
BRDA:305,16,0,0
BRDA:305,16,1,0
BRDA:306,17,0,0
BRDA:306,17,1,0
BRDA:307,18,0,0
BRDA:307,18,1,0
BRDA:318,19,0,0
BRDA:318,19,1,0
BRDA:323,20,0,0
BRDA:323,20,1,0
BRDA:327,21,0,0
BRDA:327,21,1,0
BRDA:336,22,0,0
BRDA:336,22,1,0
BRDA:349,23,0,0
BRDA:349,23,1,0
BRDA:375,24,0,0
BRDA:375,24,1,0
BRDA:379,25,0,0
BRDA:379,25,1,0
BRDA:383,26,0,0
BRDA:383,26,1,0
BRDA:385,27,0,0
BRDA:385,27,1,0
BRDA:385,28,0,0
BRDA:385,28,1,0
BRDA:393,29,0,0
BRDA:393,29,1,0
BRDA:395,30,0,0
BRDA:395,30,1,0
BRDA:405,31,0,0
BRDA:405,31,1,0
BRF:66
BRH:0
end_of_record
TN:
SF:app/gamification/GamificationStyles.js
FNF:0
FNH:0
DA:3,0
LF:1
LH:0
BRF:0
BRH:0
end_of_record
TN:
SF:app/homepage/home.js
FN:13,HomeScreen
FN:25,(anonymous_1)
FN:28,(anonymous_2)
FN:33,(anonymous_3)
FN:49,(anonymous_4)
FN:53,(anonymous_5)
FN:69,(anonymous_6)
FN:270,(anonymous_7)
FN:275,(anonymous_8)
FNF:9
FNH:0
FNDA:0,HomeScreen
FNDA:0,(anonymous_1)
FNDA:0,(anonymous_2)
FNDA:0,(anonymous_3)
FNDA:0,(anonymous_4)
FNDA:0,(anonymous_5)
FNDA:0,(anonymous_6)
FNDA:0,(anonymous_7)
FNDA:0,(anonymous_8)
DA:9,0
DA:11,0
DA:14,0
DA:15,0
DA:21,0
DA:23,0
DA:25,0
DA:26,0
DA:28,0
DA:30,0
DA:33,0
DA:34,0
DA:35,0
DA:36,0
DA:37,0
DA:45,0
DA:46,0
DA:47,0
DA:49,0
DA:50,0
DA:53,0
DA:60,0
DA:63,0
DA:65,0
DA:69,0
DA:70,0
DA:71,0
DA:74,0
DA:149,0
DA:271,0
DA:272,0
DA:275,0
LF:32
LH:0
BRDA:45,0,0,0
BRDA:45,0,1,0
BRDA:54,1,0,0
BRDA:54,1,1,0
BRDA:55,2,0,0
BRDA:55,2,1,0
BRDA:56,3,0,0
BRDA:56,3,1,0
BRDA:57,4,0,0
BRDA:57,4,1,0
BRDA:190,5,0,0
BRDA:190,5,1,0
BRDA:226,6,0,0
BRDA:226,6,1,0
BRF:14
BRH:0
end_of_record
TN:
SF:app/homepage/homeStyles.js
FNF:0
FNH:0
DA:3,0
LF:1
LH:0
BRF:0
BRH:0
end_of_record
TN:
SF:app/nutrition/NutritionScreen.js
FN:11,NutritionScreen
FN:30,(anonymous_1)
FN:34,fetchLoggedMeals
FN:56,fetchNutrition
FN:74,logMeal
FN:81,parseNutritionFromDescription
FN:103,calculateServingMultiplier
FN:179,(anonymous_7)
FN:188,(anonymous_8)
FN:191,(anonymous_9)
FN:203,(anonymous_10)
FN:204,(anonymous_11)
FN:212,(anonymous_12)
FN:224,(anonymous_13)
FN:229,(anonymous_14)
FN:229,(anonymous_15)
FN:349,(anonymous_16)
FN:352,(anonymous_17)
FN:379,(anonymous_18)
FN:382,(anonymous_19)
FN:476,(anonymous_20)
FN:507,(anonymous_21)
FN:575,(anonymous_22)
FN:627,(anonymous_23)
FN:678,(anonymous_24)
FN:729,(anonymous_25)
FN:741,(anonymous_26)
FN:876,(anonymous_27)
FN:906,(anonymous_28)
FNF:29
FNH:0
FNDA:0,NutritionScreen
FNDA:0,(anonymous_1)
FNDA:0,fetchLoggedMeals
FNDA:0,fetchNutrition
FNDA:0,logMeal
FNDA:0,parseNutritionFromDescription
FNDA:0,calculateServingMultiplier
FNDA:0,(anonymous_7)
FNDA:0,(anonymous_8)
FNDA:0,(anonymous_9)
FNDA:0,(anonymous_10)
FNDA:0,(anonymous_11)
FNDA:0,(anonymous_12)
FNDA:0,(anonymous_13)
FNDA:0,(anonymous_14)
FNDA:0,(anonymous_15)
FNDA:0,(anonymous_16)
FNDA:0,(anonymous_17)
FNDA:0,(anonymous_18)
FNDA:0,(anonymous_19)
FNDA:0,(anonymous_20)
FNDA:0,(anonymous_21)
FNDA:0,(anonymous_22)
FNDA:0,(anonymous_23)
FNDA:0,(anonymous_24)
FNDA:0,(anonymous_25)
FNDA:0,(anonymous_26)
FNDA:0,(anonymous_27)
FNDA:0,(anonymous_28)
DA:8,0
DA:12,0
DA:14,0
DA:15,0
DA:16,0
DA:17,0
DA:18,0
DA:20,0
DA:21,0
DA:22,0
DA:24,0
DA:25,0
DA:27,0
DA:30,0
DA:31,0
DA:35,0
DA:36,0
DA:37,0
DA:38,0
DA:39,0
DA:46,0
DA:47,0
DA:48,0
DA:50,0
DA:52,0
DA:57,0
DA:58,0
DA:59,0
DA:60,0
DA:62,0
DA:63,0
DA:64,0
DA:65,0
DA:66,0
DA:68,0
DA:70,0
DA:75,0
DA:76,0
DA:77,0
DA:78,0
DA:82,0
DA:85,0
DA:88,0
DA:89,0
DA:90,0
DA:91,0
DA:93,0
DA:104,0
DA:107,0
DA:108,0
DA:110,0
DA:112,0
DA:113,0
DA:114,0
DA:115,0
DA:118,0
DA:129,0
DA:130,0
DA:132,0
DA:136,0
DA:139,0
DA:142,0
DA:143,0
DA:144,0
DA:145,0
DA:147,0
DA:148,0
DA:149,0
DA:150,0
DA:152,0
DA:164,0
DA:173,0
DA:174,0
DA:175,0
DA:178,0
DA:179,0
DA:180,0
DA:182,0
DA:184,0
DA:188,0
DA:189,0
DA:191,0
DA:192,0
DA:193,0
DA:195,0
DA:197,0
DA:200,0
DA:203,0
DA:204,0
DA:212,0
DA:213,0
DA:225,0
DA:226,0
DA:227,0
DA:229,0
DA:230,0
DA:232,0
DA:233,0
DA:235,0
DA:243,0
DA:245,0
DA:350,0
DA:352,0
DA:380,0
DA:382,0
DA:477,0
DA:507,0
DA:576,0
DA:627,0
DA:679,0
DA:680,0
DA:682,0
DA:730,0
DA:742,0
DA:876,0
DA:906,0
LF:116
LH:0
BRDA:46,0,0,0
BRDA:46,0,1,0
BRDA:64,1,0,0
BRDA:64,1,1,0
BRDA:66,2,0,0
BRDA:66,2,1,0
BRDA:82,3,0,0
BRDA:82,3,1,0
BRDA:94,4,0,0
BRDA:94,4,1,0
BRDA:95,5,0,0
BRDA:95,5,1,0
BRDA:96,6,0,0
BRDA:96,6,1,0
BRDA:97,7,0,0
BRDA:97,7,1,0
BRDA:98,8,0,0
BRDA:98,8,1,0
BRDA:104,9,0,0
BRDA:104,9,1,0
BRDA:104,10,0,0
BRDA:104,10,1,0
BRDA:110,11,0,0
BRDA:110,11,1,0
BRDA:110,12,0,0
BRDA:110,12,1,0
BRDA:129,13,0,0
BRDA:129,13,1,0
BRDA:130,14,0,0
BRDA:130,14,1,0
BRDA:142,15,0,0
BRDA:142,15,1,0
BRDA:142,15,2,0
BRDA:143,16,0,0
BRDA:143,16,1,0
BRDA:143,16,2,0
BRDA:144,17,0,0
BRDA:144,17,1,0
BRDA:144,17,2,0
BRDA:144,17,3,0
BRDA:145,18,0,0
BRDA:145,18,1,0
BRDA:145,18,2,0
BRDA:153,19,0,0
BRDA:153,19,1,0
BRDA:153,19,2,0
BRDA:154,20,0,0
BRDA:154,20,1,0
BRDA:156,21,0,0
BRDA:156,21,1,0
BRDA:157,22,0,0
BRDA:157,22,1,0
BRDA:158,23,0,0
BRDA:158,23,1,0
BRDA:159,24,0,0
BRDA:159,24,1,0
BRDA:173,25,0,0
BRDA:173,25,1,0
BRDA:193,26,0,0
BRDA:193,26,1,0
BRDA:195,27,0,0
BRDA:195,27,1,0
BRDA:205,28,0,0
BRDA:205,28,1,0
BRDA:206,29,0,0
BRDA:206,29,1,0
BRDA:207,30,0,0
BRDA:207,30,1,0
BRDA:208,31,0,0
BRDA:208,31,1,0
BRDA:354,32,0,0
BRDA:354,32,1,0
BRDA:363,33,0,0
BRDA:363,33,1,0
BRDA:385,34,0,0
BRDA:385,34,1,0
BRDA:390,35,0,0
BRDA:390,35,1,0
BRDA:398,36,0,0
BRDA:398,36,1,0
BRDA:408,37,0,0
BRDA:408,37,1,0
BRDA:410,38,0,0
BRDA:410,38,1,0
BRDA:410,39,0,0
BRDA:410,39,1,0
BRDA:418,40,0,0
BRDA:418,40,1,0
BRDA:424,41,0,0
BRDA:424,41,1,0
BRDA:430,42,0,0
BRDA:430,42,1,0
BRDA:444,43,0,0
BRDA:444,43,1,0
BRDA:444,43,2,0
BRDA:489,44,0,0
BRDA:489,44,1,0
BRDA:495,45,0,0
BRDA:495,45,1,0
BRDA:510,46,0,0
BRDA:510,46,1,0
BRDA:519,47,0,0
BRDA:519,47,1,0
BRDA:525,48,0,0
BRDA:525,48,1,0
BRDA:529,49,0,0
BRDA:529,49,1,0
BRDA:541,50,0,0
BRDA:541,50,1,0
BRDA:568,51,0,0
BRDA:568,51,1,0
BRDA:590,52,0,0
BRDA:590,52,1,0
BRDA:613,53,0,0
BRDA:613,53,1,0
BRDA:638,54,0,0
BRDA:638,54,1,0
BRDA:646,55,0,0
BRDA:646,55,1,0
BRDA:738,56,0,0
BRDA:738,56,1,0
BRDA:738,57,0,0
BRDA:738,57,1,0
BRDA:738,58,0,0
BRDA:738,58,1,0
BRDA:748,59,0,0
BRDA:748,59,1,0
BRDA:748,60,0,0
BRDA:748,60,1,0
BRDA:748,61,0,0
BRDA:748,61,1,0
BRDA:761,62,0,0
BRDA:761,62,1,0
BRDA:772,63,0,0
BRDA:772,63,1,0
BRDA:797,64,0,0
BRDA:797,64,1,0
BRDA:814,65,0,0
BRDA:814,65,1,0
BRDA:831,66,0,0
BRDA:831,66,1,0
BRDA:848,67,0,0
BRDA:848,67,1,0
BRF:143
BRH:0
end_of_record
TN:
SF:app/nutrition/NutritionStyles.js
FNF:0
FNH:0
DA:3,0
LF:1
LH:0
BRF:0
BRH:0
end_of_record
TN:
SF:app/personalisedschedule/Schedule.js
FN:6,Schedule
FN:17,(anonymous_1)
FN:29,(anonymous_2)
FN:45,(anonymous_3)
FN:59,(anonymous_4)
FN:133,(anonymous_5)
FN:163,(anonymous_6)
FN:171,(anonymous_7)
FN:182,(anonymous_8)
FN:189,(anonymous_9)
FN:294,(anonymous_10)
FN:473,(anonymous_11)
FNF:12
FNH:0
FNDA:0,Schedule
FNDA:0,(anonymous_1)
FNDA:0,(anonymous_2)
FNDA:0,(anonymous_3)
FNDA:0,(anonymous_4)
FNDA:0,(anonymous_5)
FNDA:0,(anonymous_6)
FNDA:0,(anonymous_7)
FNDA:0,(anonymous_8)
FNDA:0,(anonymous_9)
FNDA:0,(anonymous_10)
FNDA:0,(anonymous_11)
DA:7,0
DA:8,0
DA:9,0
DA:10,0
DA:11,0
DA:12,0
DA:13,0
DA:15,0
DA:17,0
DA:18,0
DA:19,0
DA:20,0
DA:21,0
DA:23,0
DA:24,0
DA:25,0
DA:28,0
DA:29,0
DA:30,0
DA:31,0
DA:32,0
DA:35,0
DA:36,0
DA:37,0
DA:39,0
DA:41,0
DA:42,0
DA:43,0
DA:45,0
DA:51,0
DA:54,0
DA:55,0
DA:59,0
DA:60,0
DA:61,0
DA:62,0
DA:65,0
DA:66,0
DA:67,0
DA:68,0
DA:69,0
DA:71,0
DA:72,0
DA:78,0
DA:79,0
DA:80,0
DA:81,0
DA:84,0
DA:85,0
DA:86,0
DA:87,0
DA:88,0
DA:92,0
DA:93,0
DA:98,0
DA:99,0
DA:102,0
DA:103,0
DA:104,0
DA:105,0
DA:106,0
DA:107,0
DA:108,0
DA:110,0
DA:113,0
DA:114,0
DA:115,0
DA:116,0
DA:117,0
DA:119,0
DA:122,0
DA:124,0
DA:132,0
DA:133,0
DA:134,0
DA:135,0
DA:136,0
DA:139,0
DA:140,0
DA:141,0
DA:148,0
DA:150,0
DA:152,0
DA:155,0
DA:156,0
DA:158,0
DA:163,0
DA:164,0
DA:165,0
DA:166,0
DA:169,0
DA:170,0
DA:171,0
DA:172,0
DA:173,0
DA:174,0
DA:177,0
DA:178,0
DA:179,0
DA:181,0
DA:182,0
DA:184,0
DA:185,0
DA:187,0
DA:189,0
DA:193,0
DA:194,0
DA:198,0
DA:295,0
DA:473,0
LF:110
LH:0
BRDA:23,0,0,0
BRDA:23,0,1,0
BRDA:23,1,0,0
BRDA:23,1,1,0
BRDA:30,2,0,0
BRDA:30,2,1,0
BRDA:41,3,0,0
BRDA:41,3,1,0
BRDA:41,4,0,0
BRDA:41,4,1,0
BRDA:60,5,0,0
BRDA:60,5,1,0
BRDA:78,6,0,0
BRDA:78,6,1,0
BRDA:81,7,0,0
BRDA:81,7,1,0
BRDA:108,8,0,0
BRDA:108,8,1,0
BRDA:114,9,0,0
BRDA:114,9,1,0
BRDA:114,10,0,0
BRDA:114,10,1,0
BRDA:116,11,0,0
BRDA:116,11,1,0
BRDA:116,12,0,0
BRDA:116,12,1,0
BRDA:128,13,0,0
BRDA:128,13,1,0
BRDA:134,14,0,0
BRDA:134,14,1,0
BRDA:164,15,0,0
BRDA:164,15,1,0
BRDA:172,16,0,0
BRDA:172,16,1,0
BRDA:184,17,0,0
BRDA:184,17,1,0
BRDA:275,18,0,0
BRDA:275,18,1,0
BRDA:288,19,0,0
BRDA:288,19,1,0
BRDA:369,20,0,0
BRDA:369,20,1,0
BRDA:371,21,0,0
BRDA:371,21,1,0
BRDA:371,22,0,0
BRDA:371,22,1,0
BRDA:379,23,0,0
BRDA:379,23,1,0
BRDA:383,24,0,0
BRDA:383,24,1,0
BRDA:389,25,0,0
BRDA:389,25,1,0
BRF:52
BRH:0
end_of_record
TN:
SF:app/personalisedschedule/ScheduleStyles.js
FNF:0
FNH:0
LF:0
LH:0
BRF:0
BRH:0
end_of_record
TN:
SF:app/sleep/SleepScreen.js
FN:23,(anonymous_0)
FN:38,(anonymous_1)
FN:39,(anonymous_2)
FN:42,(anonymous_3)
FN:45,(anonymous_4)
FN:49,(anonymous_5)
FN:78,(anonymous_6)
FN:85,(anonymous_7)
FN:106,(anonymous_8)
FN:119,(anonymous_9)
FN:123,(anonymous_10)
FN:131,(anonymous_11)
FN:135,(anonymous_12)
FN:139,(anonymous_13)
FN:173,(anonymous_14)
FN:186,(anonymous_15)
FN:191,(anonymous_16)
FN:192,(anonymous_17)
FN:193,(anonymous_18)
FN:194,(anonymous_19)
FN:195,(anonymous_20)
FN:200,(anonymous_21)
FN:246,(anonymous_22)
FN:252,(anonymous_23)
FN:253,(anonymous_24)
FN:254,(anonymous_25)
FN:255,(anonymous_26)
FN:256,(anonymous_27)
FN:261,(anonymous_28)
FN:279,(anonymous_29)
FN:291,(anonymous_30)
FN:311,(anonymous_31)
FN:314,(anonymous_32)
FN:315,(anonymous_33)
FN:327,(anonymous_34)
FN:446,(anonymous_35)
FN:457,(anonymous_36)
FN:470,(anonymous_37)
FN:477,(anonymous_38)
FN:495,(anonymous_39)
FNF:40
FNH:0
FNDA:0,(anonymous_0)
FNDA:0,(anonymous_1)
FNDA:0,(anonymous_2)
FNDA:0,(anonymous_3)
FNDA:0,(anonymous_4)
FNDA:0,(anonymous_5)
FNDA:0,(anonymous_6)
FNDA:0,(anonymous_7)
FNDA:0,(anonymous_8)
FNDA:0,(anonymous_9)
FNDA:0,(anonymous_10)
FNDA:0,(anonymous_11)
FNDA:0,(anonymous_12)
FNDA:0,(anonymous_13)
FNDA:0,(anonymous_14)
FNDA:0,(anonymous_15)
FNDA:0,(anonymous_16)
FNDA:0,(anonymous_17)
FNDA:0,(anonymous_18)
FNDA:0,(anonymous_19)
FNDA:0,(anonymous_20)
FNDA:0,(anonymous_21)
FNDA:0,(anonymous_22)
FNDA:0,(anonymous_23)
FNDA:0,(anonymous_24)
FNDA:0,(anonymous_25)
FNDA:0,(anonymous_26)
FNDA:0,(anonymous_27)
FNDA:0,(anonymous_28)
FNDA:0,(anonymous_29)
FNDA:0,(anonymous_30)
FNDA:0,(anonymous_31)
FNDA:0,(anonymous_32)
FNDA:0,(anonymous_33)
FNDA:0,(anonymous_34)
FNDA:0,(anonymous_35)
FNDA:0,(anonymous_36)
FNDA:0,(anonymous_37)
FNDA:0,(anonymous_38)
FNDA:0,(anonymous_39)
DA:21,0
DA:23,0
DA:24,0
DA:25,0
DA:26,0
DA:27,0
DA:28,0
DA:29,0
DA:30,0
DA:31,0
DA:36,0
DA:38,0
DA:39,0
DA:40,0
DA:42,0
DA:45,0
DA:46,0
DA:49,0
DA:50,0
DA:51,0
DA:54,0
DA:55,0
DA:56,0
DA:57,0
DA:60,0
DA:61,0
DA:64,0
DA:65,0
DA:66,0
DA:67,0
DA:68,0
DA:71,0
DA:72,0
DA:74,0
DA:78,0
DA:79,0
DA:80,0
DA:81,0
DA:82,0
DA:85,0
DA:95,0
DA:96,0
DA:97,0
DA:99,0
DA:101,0
DA:102,0
DA:106,0
DA:107,0
DA:109,0
DA:110,0
DA:111,0
DA:113,0
DA:115,0
DA:119,0
DA:120,0
DA:123,0
DA:124,0
DA:131,0
DA:132,0
DA:135,0
DA:136,0
DA:139,0
DA:140,0
DA:141,0
DA:142,0
DA:145,0
DA:147,0
DA:148,0
DA:149,0
DA:152,0
DA:157,0
DA:160,0
DA:161,0
DA:162,0
DA:163,0
DA:164,0
DA:165,0
DA:167,0
DA:173,0
DA:178,0
DA:179,0
DA:182,0
DA:186,0
DA:187,0
DA:191,0
DA:192,0
DA:193,0
DA:194,0
DA:195,0
DA:200,0
DA:201,0
DA:202,0
DA:204,0
DA:213,0
DA:216,0
DA:218,0
DA:220,0
DA:222,0
DA:223,0
DA:226,0
DA:227,0
DA:228,0
DA:229,0
DA:230,0
DA:231,0
DA:232,0
DA:233,0
DA:234,0
DA:235,0
DA:236,0
DA:237,0
DA:240,0
DA:242,0
DA:246,0
DA:247,0
DA:252,0
DA:253,0
DA:254,0
DA:255,0
DA:256,0
DA:261,0
DA:262,0
DA:263,0
DA:265,0
DA:268,0
DA:270,0
DA:272,0
DA:273,0
DA:275,0
DA:279,0
DA:280,0
DA:292,0
DA:293,0
DA:294,0
DA:295,0
DA:296,0
DA:298,0
DA:299,0
DA:301,0
DA:310,0
DA:311,0
DA:314,0
DA:315,0
DA:324,0
DA:327,0
DA:333,0
DA:334,0
DA:344,0
DA:447,0
DA:458,0
DA:470,0
DA:477,0
DA:495,0
LF:153
LH:0
BRDA:55,0,0,0
BRDA:55,0,1,0
BRDA:65,1,0,0
BRDA:65,1,1,0
BRDA:85,2,0,0
BRDA:85,2,1,0
BRDA:97,3,0,0
BRDA:97,3,1,0
BRDA:107,4,0,0
BRDA:107,4,1,0
BRDA:140,5,0,0
BRDA:140,5,1,0
BRDA:145,6,0,0
BRDA:145,6,1,0
BRDA:226,7,0,0
BRDA:226,7,1,0
BRDA:229,8,0,0
BRDA:229,8,1,0
BRDA:232,9,0,0
BRDA:232,9,1,0
BRDA:235,10,0,0
BRDA:235,10,1,0
BRDA:310,11,0,0
BRDA:310,11,1,0
BRDA:315,12,0,0
BRDA:327,13,0,0
BRDA:333,14,0,0
BRDA:333,14,1,0
BRDA:333,15,0,0
BRDA:333,15,1,0
BRDA:370,16,0,0
BRDA:370,16,1,0
BRDA:376,17,0,0
BRDA:376,17,1,0
BRDA:381,18,0,0
BRDA:381,18,1,0
BRDA:392,19,0,0
BRDA:392,19,1,0
BRDA:424,20,0,0
BRDA:424,20,1,0
BRDA:445,21,0,0
BRDA:445,21,1,0
BRDA:460,22,0,0
BRDA:460,22,1,0
BRF:44
BRH:0
end_of_record
TN:
SF:app/sleep/SleepStyles.js
FNF:0
FNH:0
DA:3,0
LF:1
LH:0
BRF:0
BRH:0
end_of_record
TN:
SF:app/steptracker/StepTrackerScreen.js
FN:12,(anonymous_0)
FN:51,StepTrackerScreen
FN:62,(anonymous_2)
FN:70,(anonymous_3)
FN:90,(anonymous_4)
FN:103,(anonymous_5)
FN:111,(anonymous_6)
FN:123,(anonymous_7)
FN:129,(anonymous_8)
FN:143,(anonymous_9)
FN:158,(anonymous_10)
FN:166,(anonymous_11)
FN:191,(anonymous_12)
FN:192,(anonymous_13)
FN:206,(anonymous_14)
FN:211,(anonymous_15)
FN:323,(anonymous_16)
FNF:17
FNH:0
FNDA:0,(anonymous_0)
FNDA:0,StepTrackerScreen
FNDA:0,(anonymous_2)
FNDA:0,(anonymous_3)
FNDA:0,(anonymous_4)
FNDA:0,(anonymous_5)
FNDA:0,(anonymous_6)
FNDA:0,(anonymous_7)
FNDA:0,(anonymous_8)
FNDA:0,(anonymous_9)
FNDA:0,(anonymous_10)
FNDA:0,(anonymous_11)
FNDA:0,(anonymous_12)
FNDA:0,(anonymous_13)
FNDA:0,(anonymous_14)
FNDA:0,(anonymous_15)
FNDA:0,(anonymous_16)
DA:10,0
DA:12,0
DA:13,0
DA:14,0
DA:15,0
DA:19,0
DA:52,0
DA:53,0
DA:54,0
DA:55,0
DA:56,0
DA:57,0
DA:58,0
DA:59,0
DA:60,0
DA:62,0
DA:63,0
DA:64,0
DA:65,0
DA:67,0
DA:70,0
DA:71,0
DA:72,0
DA:74,0
DA:75,0
DA:87,0
DA:88,0
DA:90,0
DA:91,0
DA:92,0
DA:93,0
DA:96,0
DA:98,0
DA:99,0
DA:103,0
DA:104,0
DA:105,0
DA:106,0
DA:107,0
DA:108,0
DA:111,0
DA:112,0
DA:115,0
DA:116,0
DA:118,0
DA:119,0
DA:123,0
DA:124,0
DA:125,0
DA:126,0
DA:129,0
DA:130,0
DA:131,0
DA:132,0
DA:133,0
DA:135,0
DA:136,0
DA:137,0
DA:139,0
DA:143,0
DA:144,0
DA:145,0
DA:148,0
DA:149,0
DA:150,0
DA:152,0
DA:157,0
DA:158,0
DA:159,0
DA:161,0
DA:162,0
DA:166,0
DA:167,0
DA:168,0
DA:170,0
DA:171,0
DA:172,0
DA:173,0
DA:174,0
DA:177,0
DA:178,0
DA:180,0
DA:181,0
DA:182,0
DA:184,0
DA:186,0
DA:187,0
DA:191,0
DA:192,0
DA:193,0
DA:194,0
DA:195,0
DA:196,0
DA:197,0
DA:199,0
DA:201,0
DA:204,0
DA:206,0
DA:207,0
DA:211,0
DA:212,0
DA:213,0
DA:214,0
DA:215,0
DA:216,0
DA:220,0
DA:221,0
DA:228,0
DA:323,0
LF:109
LH:0
BRDA:15,0,0,0
BRDA:15,0,1,0
BRDA:45,1,0,0
BRDA:45,1,1,0
BRDA:63,2,0,0
BRDA:63,2,1,0
BRDA:106,3,0,0
BRDA:106,3,1,0
BRDA:131,4,0,0
BRDA:131,4,1,0
BRDA:158,5,0,0
BRDA:158,5,1,0
BRDA:158,6,0,0
BRDA:158,6,1,0
BRDA:171,7,0,0
BRDA:171,7,1,0
BRDA:171,8,0,0
BRDA:171,8,1,0
BRDA:196,9,0,0
BRDA:196,9,1,0
BRDA:212,10,0,0
BRDA:212,10,1,0
BRDA:212,11,0,0
BRDA:212,11,1,0
BRDA:212,11,2,0
BRDA:215,12,0,0
BRDA:215,12,1,0
BRDA:215,13,0,0
BRDA:215,13,1,0
BRDA:220,14,0,0
BRDA:220,14,1,0
BRDA:250,15,0,0
BRDA:250,15,1,0
BRDA:251,16,0,0
BRDA:251,16,1,0
BRDA:267,17,0,0
BRDA:267,17,1,0
BRDA:283,18,0,0
BRDA:283,18,1,0
BRDA:313,19,0,0
BRDA:313,19,1,0
BRF:41
BRH:0
end_of_record
TN:
SF:app/steptracker/StepTrackerStyles.js
FNF:0
FNH:0
LF:0
LH:0
BRF:0
BRH:0
end_of_record
TN:
SF:app/weather/WeatherScreen.js
FN:12,(anonymous_0)
FN:18,(anonymous_1)
FN:48,(anonymous_2)
FN:58,(anonymous_3)
FN:154,(anonymous_4)
FNF:5
FNH:0
FNDA:0,(anonymous_0)
FNDA:0,(anonymous_1)
FNDA:0,(anonymous_2)
FNDA:0,(anonymous_3)
FNDA:0,(anonymous_4)
DA:10,0
DA:12,0
DA:13,0
DA:14,0
DA:15,0
DA:16,0
DA:18,0
DA:19,0
DA:20,0
DA:21,0
DA:24,0
DA:25,0
DA:26,0
DA:27,0
DA:28,0
DA:29,0
DA:30,0
DA:33,0
DA:39,0
DA:40,0
DA:41,0
DA:44,0
DA:45,0
DA:48,0
DA:49,0
DA:52,0
DA:54,0
DA:58,0
DA:59,0
DA:61,0
DA:62,0
DA:63,0
DA:64,0
DA:66,0
DA:69,0
DA:79,0
DA:154,0
LF:37
LH:0
BRDA:19,0,0,0
BRDA:19,0,1,0
BRDA:27,1,0,0
BRDA:27,1,1,0
BRDA:40,2,0,0
BRDA:40,2,1,0
BRDA:61,3,0,0
BRDA:61,3,1,0
BRDA:63,4,0,0
BRDA:63,4,1,0
BRDA:111,5,0,0
BRDA:111,5,1,0
BRDA:113,6,0,0
BRDA:113,6,1,0
BRDA:119,7,0,0
BRDA:119,7,1,0
BRDA:125,8,0,0
BRDA:125,8,1,0
BRDA:131,9,0,0
BRDA:131,9,1,0
BRDA:136,10,0,0
BRDA:136,10,1,0
BRDA:141,11,0,0
BRDA:141,11,1,0
BRDA:141,11,2,0
BRF:25
BRH:0
end_of_record
TN:
SF:app/weather/WeatherScreenStyles.js
FNF:0
FNH:0
LF:0
LH:0
BRF:0
BRH:0
end_of_record
TN:
SF:app/workout/RecentWorkouts.js
FN:19,RecentWorkouts
FN:25,(anonymous_1)
FN:43,(anonymous_2)
FN:57,(anonymous_3)
FN:61,(anonymous_4)
FN:65,(anonymous_5)
FN:152,(anonymous_6)
FN:164,(anonymous_7)
FNF:8
FNH:0
FNDA:0,RecentWorkouts
FNDA:0,(anonymous_1)
FNDA:0,(anonymous_2)
FNDA:0,(anonymous_3)
FNDA:0,(anonymous_4)
FNDA:0,(anonymous_5)
FNDA:0,(anonymous_6)
FNDA:0,(anonymous_7)
DA:8,0
DA:11,0
DA:20,0
DA:21,0
DA:22,0
DA:23,0
DA:25,0
DA:26,0
DA:27,0
DA:28,0
DA:29,0
DA:31,0
DA:32,0
DA:35,0
DA:42,0
DA:43,0
DA:44,0
DA:47,0
DA:48,0
DA:50,0
DA:51,0
DA:53,0
DA:57,0
DA:58,0
DA:61,0
DA:62,0
DA:65,0
DA:66,0
DA:67,0
DA:69,0
DA:97,0
DA:98,0
DA:106,0
DA:107,0
DA:126,0
DA:127,0
DA:146,0
DA:152,0
DA:164,0
LF:39
LH:0
BRDA:31,0,0,0
BRDA:31,0,1,0
BRDA:42,1,0,0
BRDA:42,1,1,0
BRDA:44,2,0,0
BRDA:44,2,1,0
BRDA:48,3,0,0
BRDA:48,3,1,0
BRDA:72,4,0,0
BRDA:72,4,1,0
BRDA:76,5,0,0
BRDA:76,5,1,0
BRDA:80,6,0,0
BRDA:80,6,1,0
BRDA:83,7,0,0
BRDA:83,7,1,0
BRDA:87,8,0,0
BRDA:87,8,1,0
BRDA:91,9,0,0
BRDA:91,9,1,0
BRDA:97,10,0,0
BRDA:97,10,1,0
BRDA:106,11,0,0
BRDA:106,11,1,0
BRDA:126,12,0,0
BRDA:126,12,1,0
BRF:26
BRH:0
end_of_record
TN:
SF:app/workout/RecentWorkoutsStyles.js
FNF:0
FNH:0
DA:3,0
DA:12,0
LF:2
LH:0
BRF:0
BRH:0
end_of_record
TN:
SF:app/workout/RunningScreen.js
FN:14,RunningScreen
FN:36,(anonymous_1)
FN:39,(anonymous_2)
FN:61,(anonymous_3)
FN:104,(anonymous_4)
FN:118,(anonymous_5)
FN:138,(anonymous_6)
FN:150,(anonymous_7)
FN:152,(anonymous_8)
FN:164,(anonymous_9)
FN:174,(anonymous_10)
FN:197,(anonymous_11)
FN:203,(anonymous_12)
FN:240,(anonymous_13)
FN:250,(anonymous_14)
FN:258,(anonymous_15)
FN:268,(anonymous_16)
FN:279,(anonymous_17)
FN:286,(anonymous_18)
FN:295,(anonymous_19)
FN:307,(anonymous_20)
FN:317,(anonymous_21)
FN:368,(anonymous_22)
FNF:23
FNH:0
FNDA:0,RunningScreen
FNDA:0,(anonymous_1)
FNDA:0,(anonymous_2)
FNDA:0,(anonymous_3)
FNDA:0,(anonymous_4)
FNDA:0,(anonymous_5)
FNDA:0,(anonymous_6)
FNDA:0,(anonymous_7)
FNDA:0,(anonymous_8)
FNDA:0,(anonymous_9)
FNDA:0,(anonymous_10)
FNDA:0,(anonymous_11)
FNDA:0,(anonymous_12)
FNDA:0,(anonymous_13)
FNDA:0,(anonymous_14)
FNDA:0,(anonymous_15)
FNDA:0,(anonymous_16)
FNDA:0,(anonymous_17)
FNDA:0,(anonymous_18)
FNDA:0,(anonymous_19)
FNDA:0,(anonymous_20)
FNDA:0,(anonymous_21)
FNDA:0,(anonymous_22)
DA:12,0
DA:15,0
DA:16,0
DA:17,0
DA:18,0
DA:19,0
DA:20,0
DA:21,0
DA:22,0
DA:23,0
DA:25,0
DA:26,0
DA:27,0
DA:28,0
DA:29,0
DA:30,0
DA:31,0
DA:32,0
DA:33,0
DA:34,0
DA:36,0
DA:37,0
DA:39,0
DA:40,0
DA:42,0
DA:43,0
DA:44,0
DA:45,0
DA:46,0
DA:51,0
DA:55,0
DA:63,0
DA:65,0
DA:68,0
DA:70,0
DA:79,0
DA:80,0
DA:82,0
DA:85,0
DA:86,0
DA:90,0
DA:91,0
DA:101,0
DA:102,0
DA:103,0
DA:104,0
DA:105,0
DA:106,0
DA:107,0
DA:111,0
DA:113,0
DA:116,0
DA:119,0
DA:120,0
DA:121,0
DA:122,0
DA:127,0
DA:128,0
DA:129,0
DA:130,0
DA:135,0
DA:138,0
DA:139,0
DA:140,0
DA:141,0
DA:143,0
DA:144,0
DA:150,0
DA:151,0
DA:152,0
DA:153,0
DA:154,0
DA:155,0
DA:159,0
DA:160,0
DA:164,0
DA:165,0
DA:166,0
DA:171,0
DA:174,0
DA:175,0
DA:176,0
DA:178,0
DA:180,0
DA:181,0
DA:182,0
DA:185,0
DA:186,0
DA:187,0
DA:188,0
DA:190,0
DA:192,0
DA:193,0
DA:194,0
DA:197,0
DA:198,0
DA:199,0
DA:200,0
DA:203,0
DA:204,0
DA:205,0
DA:206,0
DA:208,0
DA:218,0
DA:220,0
DA:229,0
DA:230,0
DA:231,0
DA:234,0
DA:235,0
DA:237,0
DA:240,0
DA:244,0
DA:245,0
DA:250,0
DA:254,0
DA:258,0
DA:259,0
DA:260,0
DA:262,0
DA:263,0
DA:268,0
DA:271,0
DA:274,0
DA:279,0
DA:286,0
DA:287,0
DA:288,0
DA:289,0
DA:292,0
DA:295,0
DA:296,0
DA:297,0
DA:298,0
DA:299,0
DA:303,0
DA:304,0
DA:307,0
DA:313,0
DA:314,0
DA:317,0
DA:322,0
DA:368,0
LF:143
LH:0
BRDA:43,0,0,0
BRDA:43,0,1,0
BRDA:63,1,0,0
BRDA:63,1,1,0
BRDA:79,2,0,0
BRDA:79,2,1,0
BRDA:85,3,0,0
BRDA:85,3,1,0
BRDA:85,4,0,0
BRDA:85,4,1,0
BRDA:90,5,0,0
BRDA:90,5,1,0
BRDA:120,6,0,0
BRDA:120,6,1,0
BRDA:128,7,0,0
BRDA:128,7,1,0
BRDA:140,8,0,0
BRDA:140,8,1,0
BRDA:143,9,0,0
BRDA:143,9,1,0
BRDA:151,10,0,0
BRDA:151,10,1,0
BRDA:151,11,0,0
BRDA:151,11,1,0
BRDA:153,12,0,0
BRDA:153,12,1,0
BRDA:159,13,0,0
BRDA:159,13,1,0
BRDA:165,14,0,0
BRDA:165,14,1,0
BRDA:178,15,0,0
BRDA:178,15,1,0
BRDA:185,16,0,0
BRDA:185,16,1,0
BRDA:229,17,0,0
BRDA:229,17,1,0
BRDA:262,18,0,0
BRDA:262,18,1,0
BRDA:262,19,0,0
BRDA:262,19,1,0
BRDA:292,20,0,0
BRDA:292,20,1,0
BRDA:292,21,0,0
BRDA:292,21,1,0
BRDA:296,22,0,0
BRDA:296,22,1,0
BRDA:296,23,0,0
BRDA:296,23,1,0
BRDA:303,24,0,0
BRDA:303,24,1,0
BRDA:313,25,0,0
BRDA:313,25,1,0
BRDA:330,26,0,0
BRDA:330,26,1,0
BRDA:331,27,0,0
BRDA:331,27,1,0
BRDA:356,28,0,0
BRDA:356,28,1,0
BRDA:360,29,0,0
BRDA:360,29,1,0
BRF:60
BRH:0
end_of_record
TN:
SF:app/workout/RunningStyles.js
FNF:0
FNH:0
DA:3,0
LF:1
LH:0
BRF:0
BRH:0
end_of_record
TN:
SF:components/Account.tsx
FNF:0
FNH:0
LF:0
LH:0
BRF:0
BRH:0
end_of_record
TN:
SF:components/Auth.js
FN:6,(anonymous_0)
FN:14,Auth
FN:19,signInWithEmail
FN:30,signUpWithEmail
FNF:4
FNH:0
FNDA:0,(anonymous_0)
FNDA:0,Auth
FNDA:0,signInWithEmail
FNDA:0,signUpWithEmail
DA:6,0
DA:7,0
DA:8,0
DA:10,0
DA:15,0
DA:16,0
DA:17,0
DA:20,0
DA:21,0
DA:26,0
DA:27,0
DA:31,0
DA:35,0
DA:40,0
DA:41,0
DA:42,0
DA:45,0
DA:106,0
LF:18
LH:0
BRDA:7,0,0,0
BRDA:7,0,1,0
BRDA:26,1,0,0
BRDA:26,1,1,0
BRDA:40,2,0,0
BRDA:40,2,1,0
BRDA:41,3,0,0
BRDA:41,3,1,0
BRDA:76,4,0,0
BRDA:76,4,1,0
BRDA:80,5,0,0
BRDA:80,5,1,0
BRDA:91,6,0,0
BRDA:91,6,1,0
BRDA:95,7,0,0
BRDA:95,7,1,0
BRF:16
BRH:0
end_of_record
TN:
SF:components/Collapsible.tsx
FN:10,Collapsible
FN:18,(anonymous_1)
FN:18,(anonymous_2)
FNF:3
FNH:0
FNDA:0,Collapsible
FNDA:0,(anonymous_1)
FNDA:0,(anonymous_2)
DA:11,0
DA:12,0
DA:14,0
DA:18,0
DA:35,0
LF:5
LH:0
BRDA:12,0,0,0
BRDA:12,0,1,0
BRDA:24,1,0,0
BRDA:24,1,1,0
BRDA:25,2,0,0
BRDA:25,2,1,0
BRDA:30,3,0,0
BRDA:30,3,1,0
BRF:8
BRH:0
end_of_record
TN:
SF:components/ExternalLink.tsx
FN:8,ExternalLink
FN:14,(anonymous_1)
FNF:2
FNH:0
FNDA:0,ExternalLink
FNDA:0,(anonymous_1)
DA:9,0
DA:15,0
DA:17,0
DA:19,0
LF:4
LH:0
BRDA:15,0,0,0
BRDA:15,0,1,0
BRF:2
BRH:0
end_of_record
TN:
SF:components/HapticTab.tsx
FN:5,HapticTab
FN:9,(anonymous_1)
FNF:2
FNH:0
FNDA:0,HapticTab
FNDA:0,(anonymous_1)
DA:6,0
DA:10,0
DA:12,0
DA:14,0
LF:4
LH:0
BRDA:10,0,0,0
BRDA:10,0,1,0
BRF:2
BRH:0
end_of_record
TN:
SF:components/HelloWave.tsx
FN:13,HelloWave
FN:16,(anonymous_1)
FN:23,(anonymous_2)
FNF:3
FNH:0
FNDA:0,HelloWave
FNDA:0,(anonymous_1)
FNDA:0,(anonymous_2)
DA:14,0
DA:16,0
DA:17,0
DA:23,0
DA:27,0
DA:34,0
LF:6
LH:0
BRF:0
BRH:0
end_of_record
TN:
SF:components/ParallaxScrollView.tsx
FN:21,ParallaxScrollView
FN:30,(anonymous_1)
FNF:2
FNH:0
FNDA:0,ParallaxScrollView
FNDA:0,(anonymous_1)
DA:14,0
DA:26,0
DA:27,0
DA:28,0
DA:29,0
DA:30,0
DA:31,0
DA:47,0
DA:68,0
LF:9
LH:0
BRDA:26,0,0,0
BRDA:26,0,1,0
BRF:2
BRH:0
end_of_record
TN:
SF:components/ThemedText.tsx
FN:11,ThemedText
FNF:1
FNH:0
FNDA:0,ThemedText
DA:18,0
DA:20,0
DA:36,0
LF:3
LH:0
BRDA:15,0,0,0
BRDA:24,1,0,0
BRDA:24,1,1,0
BRDA:25,2,0,0
BRDA:25,2,1,0
BRDA:26,3,0,0
BRDA:26,3,1,0
BRDA:27,4,0,0
BRDA:27,4,1,0
BRDA:28,5,0,0
BRDA:28,5,1,0
BRF:11
BRH:0
end_of_record
TN:
SF:components/ThemedView.tsx
FN:10,ThemedView
FNF:1
FNH:0
FNDA:0,ThemedView
DA:11,0
DA:13,0
LF:2
LH:0
BRF:0
BRH:0
end_of_record
TN:
SF:components/ui/IconSymbol.ios.tsx
FN:4,IconSymbol
FNF:1
FNH:0
FNDA:0,IconSymbol
DA:17,0
LF:1
LH:0
BRDA:6,0,0,0
BRDA:9,1,0,0
BRF:2
BRH:0
end_of_record
TN:
SF:components/ui/IconSymbol.tsx
FN:28,IconSymbol
FNF:1
FNH:0
FNDA:0,IconSymbol
DA:16,0
DA:40,0
LF:2
LH:0
BRDA:30,0,0,0
BRF:1
BRH:0
end_of_record
TN:
SF:components/ui/PrimaryButton.js
FN:3,PrimaryButton
FNF:1
FNH:0
FNDA:0,PrimaryButton
DA:4,0
LF:1
LH:0
BRF:0
BRH:0
end_of_record
TN:
SF:components/ui/TabBarBackground.ios.tsx
FN:5,BlurTabBarBackground
FN:17,useBottomTabOverflow
FNF:2
FNH:0
FNDA:0,BlurTabBarBackground
FNDA:0,useBottomTabOverflow
DA:6,0
DA:18,0
LF:2
LH:0
BRF:0
BRH:0
end_of_record
TN:
SF:components/ui/TabBarBackground.tsx
FN:4,useBottomTabOverflow
FNF:1
FNH:0
FNDA:0,useBottomTabOverflow
DA:5,0
LF:1
LH:0
BRF:0
BRH:0
end_of_record
TN:
SF:constants/Colors.ts
FNF:0
FNH:0
DA:6,0
DA:7,0
DA:9,0
LF:3
LH:0
BRF:0
BRH:0
end_of_record
TN:
SF:hooks/useColorScheme.ts
FNF:0
FNH:0
LF:0
LH:0
BRF:0
BRH:0
end_of_record
TN:
SF:hooks/useColorScheme.web.ts
FN:7,useColorScheme
FN:10,(anonymous_1)
FNF:2
FNH:0
FNDA:0,useColorScheme
FNDA:0,(anonymous_1)
DA:8,0
DA:10,0
DA:11,0
DA:14,0
DA:16,0
DA:17,0
DA:20,0
LF:7
LH:0
BRDA:16,0,0,0
BRDA:16,0,1,0
BRF:2
BRH:0
end_of_record
TN:
SF:hooks/useThemeColor.ts
FN:9,useThemeColor
FNF:1
FNH:0
FNDA:0,useThemeColor
DA:13,0
DA:14,0
DA:16,0
DA:17,0
DA:19,0
LF:5
LH:0
BRDA:13,0,0,0
BRDA:13,0,1,0
BRDA:16,1,0,0
BRDA:16,1,1,0
BRF:4
BRH:0
end_of_record
TN:
SF:scripts/reset-project.js
FN:48,(anonymous_0)
FN:103,(anonymous_1)
FN:106,(anonymous_2)
FNF:3
FNH:0
FNDA:0,(anonymous_0)
FNDA:0,(anonymous_1)
FNDA:0,(anonymous_2)
DA:9,0
DA:10,0
DA:11,0
DA:13,0
DA:14,0
DA:15,0
DA:16,0
DA:17,0
DA:19,0
DA:36,0
DA:43,0
DA:48,0
DA:49,0
DA:50,0
DA:52,0
DA:53,0
DA:57,0
DA:58,0
DA:59,0
DA:60,0
DA:61,0
DA:62,0
DA:63,0
DA:65,0
DA:66,0
DA:69,0
DA:74,0
DA:75,0
DA:76,0
DA:79,0
DA:80,0
DA:81,0
DA:84,0
DA:85,0
DA:86,0
DA:88,0
DA:89,0
DA:97,0
DA:101,0
DA:104,0
DA:105,0
DA:106,0
DA:108,0
DA:109,0
LF:44
LH:0
BRDA:50,0,0,0
BRDA:50,0,1,0
BRDA:59,1,0,0
BRDA:59,1,1,0
BRDA:60,2,0,0
BRDA:60,2,1,0
BRDA:91,3,0,0
BRDA:91,3,1,0
BRDA:104,4,0,0
BRDA:104,4,1,0
BRDA:105,5,0,0
BRDA:105,5,1,0
BRDA:105,6,0,0
BRDA:105,6,1,0
BRF:14
BRH:0
end_of_record
